#
# A fatal error has been detected by the Java Runtime Environment:
#
#  SIGSEGV (0xb) at pc=0x00007fec1bde1dbf, pid=5967, tid=0x00007fec1acc3700
#
# JRE version: OpenJDK Runtime Environment (8.0_181-b13) (build 1.8.0_181-b13)
# Java VM: OpenJDK 64-Bit Server VM (25.181-b13 mixed mode linux-amd64 compressed oops)
# Problematic frame:
# C  [libc.so.6+0x70dbf]  fgets+0x1f
#
# Core dump written. Default location: /home/redrield/IdeaProjects/SaturnShell/core or core.5967
#
# If you would like to submit a bug report, please visit:
#   http://bugreport.java.com/bugreport/crash.jsp
# The crash happened outside the Java Virtual Machine in native code.
# See problematic frame for where to report the bug.
#

---------------  T H R E A D  ---------------

Current thread (0x00007fec1400d800):  JavaThread "main" [_thread_in_native, id=5968, stack(0x00007fec1abc4000,0x00007fec1acc4000)]

siginfo: si_signo: 11 (SIGSEGV), si_code: 1 (SEGV_MAPERR), si_addr: 0x0000000000000000

Registers:
RAX=0x00007fec1acc2350, RBX=0x00007fec18fe0ab0, RCX=0x00007febfdc93010, RDX=0x0000000000000000
RSP=0x00007fec1acc2280, RBP=0x00007fec1acc2760, RSI=0x0000000000000400, RDI=0x00007fec1acc2350
R8 =0x0000000000000400, R9 =0x0000000000000000, R10=0x0000000000000000, R11=0x00007fec1bde1da0
R12=0x00007fec1acc2350, R13=0x00007fec18fe0ab0, R14=0x00007fec1acc2890, R15=0x00007fec1400d800
RIP=0x00007fec1bde1dbf, EFLAGS=0x0000000000010216, CSGSFS=0x002b000000000033, ERR=0x0000000000000004
  TRAPNO=0x000000000000000e

Top of Stack: (sp=0x00007fec1acc2280)
0x00007fec1acc2280:   00007fec18fe0ab0 00007fec1acc2760
0x00007fec1acc2290:   0000000000000000 00007febfdea4ca0
0x00007fec1acc22a0:   00007febfdc93010 0000000000000000
0x00007fec1acc22b0:   0000000b00000001 0000000000000000
0x00007fec1acc22c0:   00000000ffffffff 0000000000000000
0x00007fec1acc22d0:   00007febfde9e928 00007fec142ea8b0
0x00007fec1acc22e0:   00007fec1400d800 00007fec1400cce0
0x00007fec1acc22f0:   00007fec14001ac0 00007fec14001ae0
0x00007fec1acc2300:   00007fec14001ba8 00000000000000d8
0x00007fec1acc2310:   00007fec1acc2aa0 00007febfdea80f8
0x00007fec1acc2320:   00007fec1acc2810 0000000000000000
0x00007fec1acc2330:   00007fec18fe0ab0 00007fec1acc2890
0x00007fec1acc2340:   00007fec1400d800 00007fec1bf77e57
0x00007fec1acc2350:   0000000000000005 0000000000000000
0x00007fec1acc2360:   00007fec1acc23a0 00007febfde9e928
0x00007fec1acc2370:   00007fec1acc2750 00007fec1bf7e93e
0x00007fec1acc2380:   0000000000000000 00007febfdc93010
0x00007fec1acc2390:   00007febfdc93010 00007febfdc93010
0x00007fec1acc23a0:   0000000000000000 00000000ffffffff
0x00007fec1acc23b0:   0000000000000000 00000007c0061828
0x00007fec1acc23c0:   00007fec1acc2430 00000007c0002248
0x00007fec1acc23d0:   00007fec18bee6e8 0000ffff00001fa0
0x00007fec1acc23e0:   00000007c0002248 00000007c0002248
0x00007fec1acc23f0:   00007fec18bee6e8 00007fec1400d800
0x00007fec1acc2400:   00007fec18bee6e8 00007fec1400d800
0x00007fec1acc2410:   fffffffe00000000 0000000000000000
0x00007fec1acc2420:   0000000000000000 c99a36b386b47000
0x00007fec1acc2430:   00007fec1acc2580 00007fec1acc2550
0x00007fec1acc2440:   00007fec1400d800 00007fec1400cb40
0x00007fec1acc2450:   00000007c0002248 00007fec1acc2610
0x00007fec1acc2460:   0000000000000000 0000000000000000
0x00007fec1acc2470:   ffffffffffffffff 0000ffffffffffff 

Instructions: (pc=0x00007fec1bde1dbf)
0x00007fec1bde1d9f:   ff f3 0f 1e fa 85 f6 0f 8e 34 01 00 00 41 54 41
0x00007fec1bde1daf:   89 f0 49 89 fc 55 53 83 fe 01 0f 84 31 01 00 00
0x00007fec1bde1dbf:   8b 0a 89 c8 25 00 80 00 00 75 5b 4c 8b 8a 88 00
0x00007fec1bde1dcf:   00 00 64 4c 8b 14 25 10 00 00 00 4d 39 51 08 74 

Register to memory mapping:

RAX=0x00007fec1acc2350 is pointing into the stack for thread: 0x00007fec1400d800
RBX={method} {0x00007fec18fe0ab0} 'trajectoryDeserializeCSV' '(Ljava/lang/String;)[Ljaci/pathfinder/Trajectory$Segment;' in 'jaci/pathfinder/PathfinderJNI'
RCX=0x00007febfdc93010 is an unknown value
RDX=0x0000000000000000 is an unknown value
RSP=0x00007fec1acc2280 is pointing into the stack for thread: 0x00007fec1400d800
RBP=0x00007fec1acc2760 is pointing into the stack for thread: 0x00007fec1400d800
RSI=0x0000000000000400 is an unknown value
RDI=0x00007fec1acc2350 is pointing into the stack for thread: 0x00007fec1400d800
R8 =0x0000000000000400 is an unknown value
R9 =0x0000000000000000 is an unknown value
R10=0x0000000000000000 is an unknown value
R11=0x00007fec1bde1da0: fgets+0 in /usr/lib/libc.so.6 at 0x00007fec1bd71000
R12=0x00007fec1acc2350 is pointing into the stack for thread: 0x00007fec1400d800
R13={method} {0x00007fec18fe0ab0} 'trajectoryDeserializeCSV' '(Ljava/lang/String;)[Ljaci/pathfinder/Trajectory$Segment;' in 'jaci/pathfinder/PathfinderJNI'
R14=0x00007fec1acc2890 is pointing into the stack for thread: 0x00007fec1400d800
R15=0x00007fec1400d800 is a thread


Stack: [0x00007fec1abc4000,0x00007fec1acc4000],  sp=0x00007fec1acc2280,  free space=1016k
Native frames: (J=compiled Java code, j=interpreted, Vv=VM code, C=native code)
C  [libc.so.6+0x70dbf]  fgets+0x1f
C  [libpathfinderjava.so+0x463d]  Java_jaci_pathfinder_PathfinderJNI_trajectoryDeserializeCSV+0x85
j  jaci.pathfinder.PathfinderJNI.trajectoryDeserializeCSV(Ljava/lang/String;)[Ljaci/pathfinder/Trajectory$Segment;+0
j  jaci.pathfinder.Pathfinder.readFromCSV(Ljava/io/File;)Ljaci/pathfinder/Trajectory;+8
j  frc.team4069.visualizer.MainKt.main([Ljava/lang/String;)V+26
v  ~StubRoutines::call_stub
V  [libjvm.so+0x6491e7]
V  [libjvm.so+0x667a97]
V  [libjvm.so+0x669f06]
C  [libjli.so+0x2e31]
C  [libpthread.so.0+0x7a8d]  start_thread+0xfd

Java frames: (J=compiled Java code, j=interpreted, Vv=VM code)
j  jaci.pathfinder.PathfinderJNI.trajectoryDeserializeCSV(Ljava/lang/String;)[Ljaci/pathfinder/Trajectory$Segment;+0
j  jaci.pathfinder.Pathfinder.readFromCSV(Ljava/io/File;)Ljaci/pathfinder/Trajectory;+8
j  frc.team4069.visualizer.MainKt.main([Ljava/lang/String;)V+26
v  ~StubRoutines::call_stub

---------------  P R O C E S S  ---------------

Java Threads: ( => current thread )
  0x00007fec142da800 JavaThread "Service Thread" daemon [_thread_blocked, id=5981, stack(0x00007febfdfaa000,0x00007febfe0ab000)]
  0x00007fec142cd800 JavaThread "C1 CompilerThread2" daemon [_thread_blocked, id=5980, stack(0x00007febfe0ac000,0x00007febfe1ac000)]
  0x00007fec142cb800 JavaThread "C2 CompilerThread1" daemon [_thread_blocked, id=5979, stack(0x00007febfe1c7000,0x00007febfe2c7000)]
  0x00007fec142c9800 JavaThread "C2 CompilerThread0" daemon [_thread_blocked, id=5978, stack(0x00007febfe2c8000,0x00007febfe3c8000)]
  0x00007fec142c8000 JavaThread "Monitor Ctrl-Break" daemon [_thread_in_native, id=5977, stack(0x00007febfe3c8000,0x00007febfe4c9000)]
  0x00007fec14181000 JavaThread "Signal Dispatcher" daemon [_thread_blocked, id=5976, stack(0x00007febfe4e3000,0x00007febfe5e4000)]
  0x00007fec1414e000 JavaThread "Finalizer" daemon [_thread_blocked, id=5975, stack(0x00007febfe916000,0x00007febfea17000)]
  0x00007fec14149800 JavaThread "Reference Handler" daemon [_thread_blocked, id=5974, stack(0x00007febfea17000,0x00007febfeb18000)]
=>0x00007fec1400d800 JavaThread "main" [_thread_in_native, id=5968, stack(0x00007fec1abc4000,0x00007fec1acc4000)]

Other Threads:
  0x00007fec14142000 VMThread [stack: 0x00007febfeb19000,0x00007febfec19000] [id=5973]
  0x00007fec142e5000 WatcherThread [stack: 0x00007febfdeaa000,0x00007febfdfaa000] [id=5982]

VM state:not at safepoint (normal execution)

VM Mutex/Monitor currently owned by a thread: None

Heap:
 PSYoungGen      total 55808K, used 3850K [0x0000000782180000, 0x0000000785f80000, 0x00000007c0000000)
  eden space 48128K, 8% used [0x0000000782180000,0x00000007825429c0,0x0000000785080000)
  from space 7680K, 0% used [0x0000000785800000,0x0000000785800000,0x0000000785f80000)
  to   space 7680K, 0% used [0x0000000785080000,0x0000000785080000,0x0000000785800000)
 ParOldGen       total 126976K, used 0K [0x0000000706400000, 0x000000070e000000, 0x0000000782180000)
  object space 126976K, 0% used [0x0000000706400000,0x0000000706400000,0x000000070e000000)
 Metaspace       used 3279K, capacity 4568K, committed 4864K, reserved 1056768K
  class space    used 352K, capacity 392K, committed 512K, reserved 1048576K

Card table byte_map: [0x00007fec1a1c3000,0x00007fec1a792000] byte_map_base: 0x00007fec16991000

Marking Bits: (ParMarkBitMap*) 0x00007fec1bb15ae0
 Begin Bits: [0x00007febff320000, 0x00007fec02190000)
 End Bits:   [0x00007fec02190000, 0x00007fec05000000)

Polling page: 0x00007fec1bf44000

CodeCache: size=245760Kb used=1129Kb max_used=1129Kb free=244630Kb
 bounds [0x00007fec05000000, 0x00007fec05270000, 0x00007fec14000000]
 total_blobs=287 nmethods=36 adapters=166
 compilation: enabled

Compilation events (10 events):
Event: 0.152 Thread 0x00007fec142cd800   35       1       java.net.URL::getAuthority (5 bytes)
Event: 0.152 Thread 0x00007fec142cd800 nmethod 35 0x00007fec05119c50 code [0x00007fec05119da0, 0x00007fec05119eb0]
Event: 0.152 Thread 0x00007fec142cd800   27       1       java.net.URL::getHost (5 bytes)
Event: 0.152 Thread 0x00007fec142cd800 nmethod 27 0x00007fec05119f10 code [0x00007fec0511a060, 0x00007fec0511a170]
Event: 0.152 Thread 0x00007fec142cd800   21       1       java.net.URL::getRef (5 bytes)
Event: 0.152 Thread 0x00007fec142cd800 nmethod 21 0x00007fec0511a1d0 code [0x00007fec0511a320, 0x00007fec0511a430]
Event: 0.152 Thread 0x00007fec142cd800   28       1       java.net.URL::getQuery (5 bytes)
Event: 0.152 Thread 0x00007fec142cd800 nmethod 28 0x00007fec0511a490 code [0x00007fec0511a5e0, 0x00007fec0511a6f0]
Event: 0.152 Thread 0x00007fec142cd800   33       1       java.util.zip.ZipFile::access$000 (5 bytes)
Event: 0.152 Thread 0x00007fec142cd800 nmethod 33 0x00007fec0511a750 code [0x00007fec0511a8a0, 0x00007fec0511a990]

GC Heap History (0 events):
No events

Deoptimization events (0 events):
No events

Classes redefined (0 events):
No events

Internal exceptions (2 events):
Event: 0.045 Thread 0x00007fec1400d800 Exception <a 'java/lang/NoSuchMethodError': Method sun.misc.Unsafe.defineClass(Ljava/lang/String;[BII)Ljava/lang/Class; name or signature does not match> (0x0000000782187cb0) thrown at [/build/java8-openjdk/src/jdk8u-jdk8u181-b13/hotspot/src/share/vm/prim
Event: 0.045 Thread 0x00007fec1400d800 Exception <a 'java/lang/NoSuchMethodError': Method sun.misc.Unsafe.prefetchRead(Ljava/lang/Object;J)V name or signature does not match> (0x0000000782187f98) thrown at [/build/java8-openjdk/src/jdk8u-jdk8u181-b13/hotspot/src/share/vm/prims/jni.cpp, line 40

Events (10 events):
Event: 0.147 loading class java/lang/AssertionError
Event: 0.147 loading class java/lang/AssertionError done
Event: 0.147 loading class jaci/pathfinder/Pathfinder
Event: 0.147 loading class jaci/pathfinder/Pathfinder done
Event: 0.149 loading class jaci/pathfinder/Trajectory
Event: 0.149 loading class jaci/pathfinder/Trajectory done
Event: 0.150 loading class jaci/pathfinder/PathfinderJNI
Event: 0.150 loading class jaci/pathfinder/PathfinderJNI done
Event: 0.151 loading class java/lang/ClassLoaderHelper
Event: 0.151 loading class java/lang/ClassLoaderHelper done


Dynamic libraries:
706400000-70e000000 rw-p 00000000 00:00 0 
70e000000-782180000 ---p 00000000 00:00 0 
782180000-785f80000 rw-p 00000000 00:00 0 
785f80000-7c0000000 ---p 00000000 00:00 0 
7c0000000-7c0080000 rw-p 00000000 00:00 0 
7c0080000-800000000 ---p 00000000 00:00 0 
562f6e8d9000-562f6e8da000 r--p 00000000 08:04 25715412                   /usr/lib/jvm/java-8-openjdk/jre/bin/java
562f6e8da000-562f6e8db000 r-xp 00001000 08:04 25715412                   /usr/lib/jvm/java-8-openjdk/jre/bin/java
562f6e8db000-562f6e8dc000 r--p 00002000 08:04 25715412                   /usr/lib/jvm/java-8-openjdk/jre/bin/java
562f6e8dc000-562f6e8dd000 r--p 00002000 08:04 25715412                   /usr/lib/jvm/java-8-openjdk/jre/bin/java
562f6e8dd000-562f6e8de000 rw-p 00003000 08:04 25715412                   /usr/lib/jvm/java-8-openjdk/jre/bin/java
562f6ea02000-562f6ea23000 rw-p 00000000 00:00 0                          [heap]
7febc0000000-7febc0021000 rw-p 00000000 00:00 0 
7febc0021000-7febc4000000 ---p 00000000 00:00 0 
7febc8000000-7febc8026000 rw-p 00000000 00:00 0 
7febc8026000-7febcc000000 ---p 00000000 00:00 0 
7febcc000000-7febcc021000 rw-p 00000000 00:00 0 
7febcc021000-7febd0000000 ---p 00000000 00:00 0 
7febd0000000-7febd0087000 rw-p 00000000 00:00 0 
7febd0087000-7febd4000000 ---p 00000000 00:00 0 
7febd4000000-7febd4055000 rw-p 00000000 00:00 0 
7febd4055000-7febd8000000 ---p 00000000 00:00 0 
7febd8000000-7febd8021000 rw-p 00000000 00:00 0 
7febd8021000-7febdc000000 ---p 00000000 00:00 0 
7febdc000000-7febdc04c000 rw-p 00000000 00:00 0 
7febdc04c000-7febe0000000 ---p 00000000 00:00 0 
7febe0000000-7febe0021000 rw-p 00000000 00:00 0 
7febe0021000-7febe4000000 ---p 00000000 00:00 0 
7febe4000000-7febe4021000 rw-p 00000000 00:00 0 
7febe4021000-7febe8000000 ---p 00000000 00:00 0 
7febe8000000-7febe8021000 rw-p 00000000 00:00 0 
7febe8021000-7febec000000 ---p 00000000 00:00 0 
7febec000000-7febec021000 rw-p 00000000 00:00 0 
7febec021000-7febf0000000 ---p 00000000 00:00 0 
7febf0000000-7febf0021000 rw-p 00000000 00:00 0 
7febf0021000-7febf4000000 ---p 00000000 00:00 0 
7febf4000000-7febf4021000 rw-p 00000000 00:00 0 
7febf4021000-7febf8000000 ---p 00000000 00:00 0 
7febf8000000-7febf8021000 rw-p 00000000 00:00 0 
7febf8021000-7febfc000000 ---p 00000000 00:00 0 
7febfdc93000-7febfdcd4000 rw-p 00000000 00:00 0 
7febfdcd4000-7febfdcd7000 r--p 00000000 08:04 24645256                   /usr/lib/libgcc_s.so.1
7febfdcd7000-7febfdce8000 r-xp 00003000 08:04 24645256                   /usr/lib/libgcc_s.so.1
7febfdce8000-7febfdceb000 r--p 00014000 08:04 24645256                   /usr/lib/libgcc_s.so.1
7febfdceb000-7febfdcec000 ---p 00017000 08:04 24645256                   /usr/lib/libgcc_s.so.1
7febfdcec000-7febfdced000 r--p 00017000 08:04 24645256                   /usr/lib/libgcc_s.so.1
7febfdced000-7febfdcee000 rw-p 00018000 08:04 24645256                   /usr/lib/libgcc_s.so.1
7febfdcee000-7febfdd77000 r--p 00000000 08:04 24645288                   /usr/lib/libstdc++.so.6.0.25
7febfdd77000-7febfde2f000 r-xp 00089000 08:04 24645288                   /usr/lib/libstdc++.so.6.0.25
7febfde2f000-7febfde6c000 r--p 00141000 08:04 24645288                   /usr/lib/libstdc++.so.6.0.25
7febfde6c000-7febfde6d000 ---p 0017e000 08:04 24645288                   /usr/lib/libstdc++.so.6.0.25
7febfde6d000-7febfde79000 r--p 0017e000 08:04 24645288                   /usr/lib/libstdc++.so.6.0.25
7febfde79000-7febfde7a000 rw-p 0018a000 08:04 24645288                   /usr/lib/libstdc++.so.6.0.25
7febfde7a000-7febfde7d000 rw-p 00000000 00:00 0 
7febfde9e000-7febfdea0000 r--p 00000000 08:04 24680529                   /usr/lib/libpathfinderjava.so
7febfdea0000-7febfdea6000 r-xp 00002000 08:04 24680529                   /usr/lib/libpathfinderjava.so
7febfdea6000-7febfdea7000 r--p 00008000 08:04 24680529                   /usr/lib/libpathfinderjava.so
7febfdea7000-7febfdea8000 r--p 00008000 08:04 24680529                   /usr/lib/libpathfinderjava.so
7febfdea8000-7febfdea9000 rw-p 00009000 08:04 24680529                   /usr/lib/libpathfinderjava.so
7febfdea9000-7febfdeaa000 ---p 00000000 00:00 0 
7febfdeaa000-7febfdfaa000 rw-p 00000000 00:00 0 
7febfdfaa000-7febfdfad000 ---p 00000000 00:00 0 
7febfdfad000-7febfe0ab000 rw-p 00000000 00:00 0 
7febfe0ab000-7febfe0ac000 ---p 00000000 00:00 0 
7febfe0ac000-7febfe0af000 ---p 00000000 00:00 0 
7febfe0af000-7febfe1ac000 rw-p 00000000 00:00 0 
7febfe1ac000-7febfe1b1000 r--p 00000000 08:04 25715467                   /usr/lib/jvm/java-8-openjdk/jre/lib/amd64/libnet.so
7febfe1b1000-7febfe1c0000 r-xp 00005000 08:04 25715467                   /usr/lib/jvm/java-8-openjdk/jre/lib/amd64/libnet.so
7febfe1c0000-7febfe1c4000 r--p 00014000 08:04 25715467                   /usr/lib/jvm/java-8-openjdk/jre/lib/amd64/libnet.so
7febfe1c4000-7febfe1c5000 r--p 00017000 08:04 25715467                   /usr/lib/jvm/java-8-openjdk/jre/lib/amd64/libnet.so
7febfe1c5000-7febfe1c6000 rw-p 00018000 08:04 25715467                   /usr/lib/jvm/java-8-openjdk/jre/lib/amd64/libnet.so
7febfe1c6000-7febfe1c7000 ---p 00000000 00:00 0 
7febfe1c7000-7febfe1ca000 ---p 00000000 00:00 0 
7febfe1ca000-7febfe2c7000 rw-p 00000000 00:00 0 
7febfe2c7000-7febfe2c8000 ---p 00000000 00:00 0 
7febfe2c8000-7febfe2cb000 ---p 00000000 00:00 0 
7febfe2cb000-7febfe3c8000 rw-p 00000000 00:00 0 
7febfe3c8000-7febfe3cb000 ---p 00000000 00:00 0 
7febfe3cb000-7febfe4c9000 rw-p 00000000 00:00 0 
7febfe4c9000-7febfe4cb000 r--s 0001a000 08:04 4194528                    /home/redrield/.local/share/JetBrains/Toolbox/apps/IDEA-U/ch-0/182.3684.101/lib/idea_rt.jar
7febfe4cb000-7febfe4ce000 r--s 00014000 08:04 19137079                   /home/redrield/.gradle/caches/modules-2/files-2.1/de.erichseifert.vectorgraphics2d/VectorGraphics2D/0.11/f3bf8fe05b7997e03941bf77428598137500c300/VectorGraphics2D-0.11.jar
7febfe4ce000-7febfe4d0000 r--s 00003000 08:04 7996049                    /home/redrield/.gradle/caches/modules-2/files-2.1/org.jetbrains/annotations/13.0/919f0dfe192fb4e063e7dacadee7f8bb9a2672a9/annotations-13.0.jar
7febfe4d0000-7febfe4d6000 r--s 00015000 08:04 17694785                   /home/redrield/.gradle/caches/modules-2/files-2.1/org.jetbrains.kotlin/kotlin-stdlib-common/1.2.60/d95e6419da840e672342e5d4348f0bdd1d58b84d/kotlin-stdlib-common-1.2.60.jar
7febfe4d6000-7febfe4d7000 r--s 00000000 08:04 16123411                   /home/redrield/.gradle/caches/modules-2/files-2.1/org.jetbrains.kotlinx/atomicfu-common/0.11.0/849d71c4db7c6ecb44d848d4b4bf0f24d2688443/atomicfu-common-0.11.0.jar
7febfe4d7000-7febfe4dc000 r--s 00012000 08:04 16123409                   /home/redrield/.gradle/caches/modules-2/files-2.1/org.jetbrains.kotlinx/kotlinx-coroutines-core-common/0.24.0/e3b343c9dd0bca3ca063514d8ce3d7c31b977c17/kotlinx-coroutines-core-common-0.24.0.jar
7febfe4dc000-7febfe4e0000 r--s 00028000 08:04 19137081                   /home/redrield/.gradle/caches/modules-2/files-2.1/org.knowm.xchart/xchart/3.1.0/3ae1c03d30c72fdd25ef7ef0f2f8ccead8a9a9e1/xchart-3.1.0.jar
7febfe4e0000-7febfe4e2000 r--s 00009000 08:04 17966762                   /home/redrield/.gradle/caches/modules-2/files-2.1/org.slf4j/slf4j-api/1.7.21/139535a69a4239db087de9bab0bee568bf8e0b70/slf4j-api-1.7.21.jar
7febfe4e2000-7febfe4e3000 r--s 00002000 08:04 18351167                   /home/redrield/.gradle/caches/modules-2/files-2.1/jaci.pathfinder/Pathfinder-Java/1.8/c37dcf790766dd0c023cc00c57bb2e2e4e58f487/Pathfinder-Java-1.8.jar
7febfe4e3000-7febfe4e6000 ---p 00000000 00:00 0 
7febfe4e6000-7febfe5e4000 rw-p 00000000 00:00 0 
7febfe5e4000-7febfe916000 r--p 00000000 08:04 24679946                   /usr/lib/locale/locale-archive
7febfe916000-7febfe919000 ---p 00000000 00:00 0 
7febfe919000-7febfea17000 rw-p 00000000 00:00 0 
7febfea17000-7febfea1a000 ---p 00000000 00:00 0 
7febfea1a000-7febfeb18000 rw-p 00000000 00:00 0 
7febfeb18000-7febfeb19000 ---p 00000000 00:00 0 
7febfeb19000-7fec05000000 rw-p 00000000 00:00 0 
7fec05000000-7fec05270000 rwxp 00000000 00:00 0 
7fec05270000-7fec14000000 ---p 00000000 00:00 0 
7fec14000000-7fec14319000 rw-p 00000000 00:00 0 
7fec14319000-7fec18000000 ---p 00000000 00:00 0 
7fec18000000-7fec18002000 r--s 00013000 08:04 10486453                   /home/redrield/.gradle/caches/modules-2/files-2.1/openrio.mirror.third.ctre/CTRE-phoenix-java/5.2.2.0/469f4905ff49fe297be19c0c6724e27b444fbb5c/CTRE-phoenix-java-5.2.2.0.jar
7fec18002000-7fec18004000 r--s 00005000 08:04 10486449                   /home/redrield/.gradle/caches/modules-2/files-2.1/edu.wpi.first.cscore/cscore-java/1.3.0/af0c62cf7e9903d052e67008105e014357917e13/cscore-java-1.3.0.jar
7fec18004000-7fec18007000 r--s 00023000 08:04 10486455                   /home/redrield/.gradle/caches/modules-2/files-2.1/org.opencv/opencv-java/3.2.0/c65e242eaf6ff4b086d45b0254f4511b6a072a65/opencv-java-3.2.0.jar
7fec18007000-7fec18008000 r--s 00000000 08:04 10486451                   /home/redrield/.gradle/caches/modules-2/files-2.1/edu.wpi.first.wpiutil/wpiutil-java/3.2.0/40b6832a84296f9146b27584e22c8507dab874dd/wpiutil-java-3.2.0.jar
7fec18008000-7fec1800a000 r--s 0000b000 08:04 10486447                   /home/redrield/.gradle/caches/modules-2/files-2.1/edu.wpi.first.ntcore/ntcore-java/4.1.0/52e7d8449aacb56e104020f10b39f33549177078/ntcore-java-4.1.0.jar
7fec1800a000-7fec18011000 r--s 00046000 08:04 10486457                   /home/redrield/.gradle/caches/modules-2/files-2.1/edu.wpi.first.wpilibj/wpilibj-java/2018.4.1/897367c0a37b2ec4dcb6aeb578be84f066c46f4a/wpilibj-java-2018.4.1.jar
7fec18011000-7fec18021000 r--s 000db000 08:04 17694791                   /home/redrield/.gradle/caches/modules-2/files-2.1/org.jetbrains.kotlin/kotlin-stdlib/1.2.60/391695759d8fc80042c2c11bc19fc6f2787be495/kotlin-stdlib-1.2.60.jar
7fec18021000-7fec1802d000 r--s 00099000 08:04 16123407                   /home/redrield/.gradle/caches/modules-2/files-2.1/org.jetbrains.kotlinx/kotlinx-coroutines-core/0.24.0/6c950c4d6e7ab7ba80ed14b82303fdd8d678f2ec/kotlinx-coroutines-core-0.24.0.jar
7fec1802d000-7fec18034000 r--s 0004f000 08:04 19137083                   /home/redrield/.gradle/caches/modules-2/files-2.1/koma/core/0.11/5b5980672d646c3225f82e4971fe3f0f687204bc/core-0.11.jar
7fec18034000-7fec18036000 r--s 00002000 08:04 17694852                   /home/redrield/.gradle/caches/modules-2/files-2.1/org.jetbrains.kotlin/kotlin-stdlib-jdk8/1.2.60/7d5d50242f2bd1bcb6663044fbc814e0f59255aa/kotlin-stdlib-jdk8-1.2.60.jar
7fec18036000-7fec18049000 r--s 00346000 08:04 25721475                   /usr/lib/jvm/java-8-openjdk/jre/lib/resources.jar
7fec18049000-7fec180e0000 r--s 008dd000 08:04 25718427                   /usr/lib/jvm/java-8-openjdk/jre/lib/ext/jfxrt.jar
7fec180e0000-7fec18936000 rw-p 00000000 00:00 0 
7fec18936000-7fec18b06000 r--s 03c31000 08:04 25721476                   /usr/lib/jvm/java-8-openjdk/jre/lib/rt.jar
7fec18b06000-7fec19017000 rw-p 00000000 00:00 0 
7fec19017000-7fec193d7000 ---p 00000000 00:00 0 
7fec193d7000-7fec199e0000 rw-p 00000000 00:00 0 
7fec199e0000-7fec199e1000 ---p 00000000 00:00 0 
7fec199e1000-7fec19ae1000 rw-p 00000000 00:00 0 
7fec19ae1000-7fec19ae2000 ---p 00000000 00:00 0 
7fec19ae2000-7fec19be2000 rw-p 00000000 00:00 0 
7fec19be2000-7fec19be3000 ---p 00000000 00:00 0 
7fec19be3000-7fec19ce3000 rw-p 00000000 00:00 0 
7fec19ce3000-7fec19ce4000 ---p 00000000 00:00 0 
7fec19ce4000-7fec19e22000 rw-p 00000000 00:00 0 
7fec19e22000-7fec1a1c3000 ---p 00000000 00:00 0 
7fec1a1c3000-7fec1a201000 rw-p 00000000 00:00 0 
7fec1a201000-7fec1a5a1000 ---p 00000000 00:00 0 
7fec1a5a1000-7fec1a5c1000 rw-p 00000000 00:00 0 
7fec1a5c1000-7fec1a791000 ---p 00000000 00:00 0 
7fec1a791000-7fec1a79c000 rw-p 00000000 00:00 0 
7fec1a79c000-7fec1ab52000 ---p 00000000 00:00 0 
7fec1ab52000-7fec1ab55000 r--p 00000000 08:04 24644514                   /usr/lib/libnss_files-2.28.so
7fec1ab55000-7fec1ab5c000 r-xp 00003000 08:04 24644514                   /usr/lib/libnss_files-2.28.so
7fec1ab5c000-7fec1ab5f000 r--p 0000a000 08:04 24644514                   /usr/lib/libnss_files-2.28.so
7fec1ab5f000-7fec1ab60000 r--p 0000c000 08:04 24644514                   /usr/lib/libnss_files-2.28.so
7fec1ab60000-7fec1ab61000 rw-p 0000d000 08:04 24644514                   /usr/lib/libnss_files-2.28.so
7fec1ab61000-7fec1ab67000 rw-p 00000000 00:00 0 
7fec1ab67000-7fec1ab68000 r--s 00000000 08:04 17694854                   /home/redrield/.gradle/caches/modules-2/files-2.1/org.jetbrains.kotlin/kotlin-stdlib-jdk7/1.2.60/31f1ea280ab4942ed25f91760d7170c41f78d06f/kotlin-stdlib-jdk7-1.2.60.jar
7fec1ab68000-7fec1ab69000 r--s 00000000 08:04 25715526                   /usr/lib/jvm/java-8-openjdk/jre/lib/management-agent.jar
7fec1ab69000-7fec1ab6e000 r--s 0009d000 08:04 25715522                   /usr/lib/jvm/java-8-openjdk/jre/lib/jsse.jar
7fec1ab6e000-7fec1ab70000 r--s 00016000 08:04 25715520                   /usr/lib/jvm/java-8-openjdk/jre/lib/jce.jar
7fec1ab70000-7fec1ab75000 r--s 002f9000 08:04 25715482                   /usr/lib/jvm/java-8-openjdk/jre/lib/charsets.jar
7fec1ab75000-7fec1ab78000 r--p 00000000 08:04 25715475                   /usr/lib/jvm/java-8-openjdk/jre/lib/amd64/libzip.so
7fec1ab78000-7fec1ab7c000 r-xp 00003000 08:04 25715475                   /usr/lib/jvm/java-8-openjdk/jre/lib/amd64/libzip.so
7fec1ab7c000-7fec1ab7e000 r--p 00007000 08:04 25715475                   /usr/lib/jvm/java-8-openjdk/jre/lib/amd64/libzip.so
7fec1ab7e000-7fec1ab7f000 r--p 00008000 08:04 25715475                   /usr/lib/jvm/java-8-openjdk/jre/lib/amd64/libzip.so
7fec1ab7f000-7fec1ab80000 rw-p 00009000 08:04 25715475                   /usr/lib/jvm/java-8-openjdk/jre/lib/amd64/libzip.so
7fec1ab80000-7fec1ab88000 rw-s 00000000 00:2b 9603892                    /tmp/hsperfdata_redrield/5967
7fec1ab88000-7fec1ab95000 r--p 00000000 08:04 25715450                   /usr/lib/jvm/java-8-openjdk/jre/lib/amd64/libjava.so
7fec1ab95000-7fec1abae000 r-xp 0000d000 08:04 25715450                   /usr/lib/jvm/java-8-openjdk/jre/lib/amd64/libjava.so
7fec1abae000-7fec1abb5000 r--p 00026000 08:04 25715450                   /usr/lib/jvm/java-8-openjdk/jre/lib/amd64/libjava.so
7fec1abb5000-7fec1abb6000 ---p 0002d000 08:04 25715450                   /usr/lib/jvm/java-8-openjdk/jre/lib/amd64/libjava.so
7fec1abb6000-7fec1abb7000 r--p 0002d000 08:04 25715450                   /usr/lib/jvm/java-8-openjdk/jre/lib/amd64/libjava.so
7fec1abb7000-7fec1abb8000 rw-p 0002e000 08:04 25715450                   /usr/lib/jvm/java-8-openjdk/jre/lib/amd64/libjava.so
7fec1abb8000-7fec1abb9000 rw-p 00000000 00:00 0 
7fec1abb9000-7fec1abbb000 r--p 00000000 08:04 24644529                   /usr/lib/librt-2.28.so
7fec1abbb000-7fec1abbf000 r-xp 00002000 08:04 24644529                   /usr/lib/librt-2.28.so
7fec1abbf000-7fec1abc1000 r--p 00006000 08:04 24644529                   /usr/lib/librt-2.28.so
7fec1abc1000-7fec1abc2000 r--p 00007000 08:04 24644529                   /usr/lib/librt-2.28.so
7fec1abc2000-7fec1abc3000 rw-p 00008000 08:04 24644529                   /usr/lib/librt-2.28.so
7fec1abc3000-7fec1abc4000 ---p 00000000 00:00 0 
7fec1abc4000-7fec1abc7000 ---p 00000000 00:00 0 
7fec1abc7000-7fec1acc4000 rw-p 00000000 00:00 0 
7fec1acc4000-7fec1acd1000 r--p 00000000 08:04 24644492                   /usr/lib/libm-2.28.so
7fec1acd1000-7fec1ad72000 r-xp 0000d000 08:04 24644492                   /usr/lib/libm-2.28.so
7fec1ad72000-7fec1ae47000 r--p 000ae000 08:04 24644492                   /usr/lib/libm-2.28.so
7fec1ae47000-7fec1ae48000 r--p 00182000 08:04 24644492                   /usr/lib/libm-2.28.so
7fec1ae48000-7fec1ae49000 rw-p 00183000 08:04 24644492                   /usr/lib/libm-2.28.so
7fec1ae49000-7fec1b039000 r--p 00000000 08:04 25715478                   /usr/lib/jvm/java-8-openjdk/jre/lib/amd64/server/libjvm.so
7fec1b039000-7fec1b8a6000 r-xp 001f0000 08:04 25715478                   /usr/lib/jvm/java-8-openjdk/jre/lib/amd64/server/libjvm.so
7fec1b8a6000-7fec1ba44000 r--p 00a5d000 08:04 25715478                   /usr/lib/jvm/java-8-openjdk/jre/lib/amd64/server/libjvm.so
7fec1ba44000-7fec1ba45000 ---p 00bfb000 08:04 25715478                   /usr/lib/jvm/java-8-openjdk/jre/lib/amd64/server/libjvm.so
7fec1ba45000-7fec1bada000 r--p 00bfb000 08:04 25715478                   /usr/lib/jvm/java-8-openjdk/jre/lib/amd64/server/libjvm.so
7fec1bada000-7fec1bb02000 rw-p 00c90000 08:04 25715478                   /usr/lib/jvm/java-8-openjdk/jre/lib/amd64/server/libjvm.so
7fec1bb02000-7fec1bb34000 rw-p 00000000 00:00 0 
7fec1bb34000-7fec1bb3a000 r--p 00000000 08:04 24644521                   /usr/lib/libpthread-2.28.so
7fec1bb3a000-7fec1bb49000 r-xp 00006000 08:04 24644521                   /usr/lib/libpthread-2.28.so
7fec1bb49000-7fec1bb4f000 r--p 00015000 08:04 24644521                   /usr/lib/libpthread-2.28.so
7fec1bb4f000-7fec1bb50000 r--p 0001a000 08:04 24644521                   /usr/lib/libpthread-2.28.so
7fec1bb50000-7fec1bb51000 rw-p 0001b000 08:04 24644521                   /usr/lib/libpthread-2.28.so
7fec1bb51000-7fec1bb55000 rw-p 00000000 00:00 0 
7fec1bb55000-7fec1bb56000 r--p 00000000 08:04 24644486                   /usr/lib/libdl-2.28.so
7fec1bb56000-7fec1bb57000 r-xp 00001000 08:04 24644486                   /usr/lib/libdl-2.28.so
7fec1bb57000-7fec1bb58000 r--p 00002000 08:04 24644486                   /usr/lib/libdl-2.28.so
7fec1bb58000-7fec1bb59000 r--p 00002000 08:04 24644486                   /usr/lib/libdl-2.28.so
7fec1bb59000-7fec1bb5a000 rw-p 00003000 08:04 24644486                   /usr/lib/libdl-2.28.so
7fec1bb5a000-7fec1bb70000 r-xp 00000000 08:04 24654098                   /usr/lib/libz.so.1.2.11
7fec1bb70000-7fec1bd6f000 ---p 00016000 08:04 24654098                   /usr/lib/libz.so.1.2.11
7fec1bd6f000-7fec1bd70000 r--p 00015000 08:04 24654098                   /usr/lib/libz.so.1.2.11
7fec1bd70000-7fec1bd71000 rw-p 00016000 08:04 24654098                   /usr/lib/libz.so.1.2.11
7fec1bd71000-7fec1bd93000 r--p 00000000 08:04 24644477                   /usr/lib/libc-2.28.so
7fec1bd93000-7fec1bede000 r-xp 00022000 08:04 24644477                   /usr/lib/libc-2.28.so
7fec1bede000-7fec1bf2a000 r--p 0016d000 08:04 24644477                   /usr/lib/libc-2.28.so
7fec1bf2a000-7fec1bf2b000 ---p 001b9000 08:04 24644477                   /usr/lib/libc-2.28.so
7fec1bf2b000-7fec1bf2f000 r--p 001b9000 08:04 24644477                   /usr/lib/libc-2.28.so
7fec1bf2f000-7fec1bf31000 rw-p 001bd000 08:04 24644477                   /usr/lib/libc-2.28.so
7fec1bf31000-7fec1bf35000 rw-p 00000000 00:00 0 
7fec1bf35000-7fec1bf36000 r--s 00009000 08:04 25718426                   /usr/lib/jvm/java-8-openjdk/jre/lib/jfxswt.jar
7fec1bf36000-7fec1bf38000 r--p 00000000 08:04 25715442                   /usr/lib/jvm/java-8-openjdk/jre/lib/amd64/libinstrument.so
7fec1bf38000-7fec1bf3e000 r-xp 00002000 08:04 25715442                   /usr/lib/jvm/java-8-openjdk/jre/lib/amd64/libinstrument.so
7fec1bf3e000-7fec1bf41000 r--p 00008000 08:04 25715442                   /usr/lib/jvm/java-8-openjdk/jre/lib/amd64/libinstrument.so
7fec1bf41000-7fec1bf42000 r--p 0000a000 08:04 25715442                   /usr/lib/jvm/java-8-openjdk/jre/lib/amd64/libinstrument.so
7fec1bf42000-7fec1bf43000 rw-p 0000b000 08:04 25715442                   /usr/lib/jvm/java-8-openjdk/jre/lib/amd64/libinstrument.so
7fec1bf43000-7fec1bf44000 rw-p 00000000 00:00 0 
7fec1bf44000-7fec1bf45000 r--p 00000000 00:00 0 
7fec1bf45000-7fec1bf4a000 r--p 00000000 08:04 25715474                   /usr/lib/jvm/java-8-openjdk/jre/lib/amd64/libverify.so
7fec1bf4a000-7fec1bf51000 r-xp 00005000 08:04 25715474                   /usr/lib/jvm/java-8-openjdk/jre/lib/amd64/libverify.so
7fec1bf51000-7fec1bf53000 r--p 0000c000 08:04 25715474                   /usr/lib/jvm/java-8-openjdk/jre/lib/amd64/libverify.so
7fec1bf53000-7fec1bf55000 r--p 0000d000 08:04 25715474                   /usr/lib/jvm/java-8-openjdk/jre/lib/amd64/libverify.so
7fec1bf55000-7fec1bf56000 rw-p 0000f000 08:04 25715474                   /usr/lib/jvm/java-8-openjdk/jre/lib/amd64/libverify.so
7fec1bf56000-7fec1bf58000 r--p 00000000 08:04 25715427                   /usr/lib/jvm/java-8-openjdk/jre/lib/amd64/jli/libjli.so
7fec1bf58000-7fec1bf61000 r-xp 00002000 08:04 25715427                   /usr/lib/jvm/java-8-openjdk/jre/lib/amd64/jli/libjli.so
7fec1bf61000-7fec1bf64000 r--p 0000b000 08:04 25715427                   /usr/lib/jvm/java-8-openjdk/jre/lib/amd64/jli/libjli.so
7fec1bf64000-7fec1bf65000 r--p 0000d000 08:04 25715427                   /usr/lib/jvm/java-8-openjdk/jre/lib/amd64/jli/libjli.so
7fec1bf65000-7fec1bf66000 rw-p 0000e000 08:04 25715427                   /usr/lib/jvm/java-8-openjdk/jre/lib/amd64/jli/libjli.so
7fec1bf66000-7fec1bf68000 rw-p 00000000 00:00 0 
7fec1bf68000-7fec1bf6a000 r--p 00000000 08:04 24644466                   /usr/lib/ld-2.28.so
7fec1bf6a000-7fec1bf89000 r-xp 00002000 08:04 24644466                   /usr/lib/ld-2.28.so
7fec1bf89000-7fec1bf91000 r--p 00021000 08:04 24644466                   /usr/lib/ld-2.28.so
7fec1bf91000-7fec1bf92000 r--p 00028000 08:04 24644466                   /usr/lib/ld-2.28.so
7fec1bf92000-7fec1bf93000 rw-p 00029000 08:04 24644466                   /usr/lib/ld-2.28.so
7fec1bf93000-7fec1bf94000 rw-p 00000000 00:00 0 
7ffecc2ca000-7ffecc2ec000 rw-p 00000000 00:00 0                          [stack]
7ffecc31a000-7ffecc31d000 r--p 00000000 00:00 0                          [vvar]
7ffecc31d000-7ffecc31f000 r-xp 00000000 00:00 0                          [vdso]

VM Arguments:
jvm_args: -javaagent:/home/redrield/.local/share/JetBrains/Toolbox/apps/IDEA-U/ch-0/182.3684.101/lib/idea_rt.jar=42229:/home/redrield/.local/share/JetBrains/Toolbox/apps/IDEA-U/ch-0/182.3684.101/bin -Dfile.encoding=UTF-8 -Dawt.useSystemAAFontSettings=on -Dswing.aatext=true -Dswing.defaultlaf.com.sun.java.swing.plaf.gtk.GTKLookAndFeel 
java_command: frc.team4069.visualizer.MainKt
java_class_path (initial): /usr/lib/jvm/java-8-openjdk/jre/lib/charsets.jar:/usr/lib/jvm/java-8-openjdk/jre/lib/ext/cldrdata.jar:/usr/lib/jvm/java-8-openjdk/jre/lib/ext/dnsns.jar:/usr/lib/jvm/java-8-openjdk/jre/lib/ext/jaccess.jar:/usr/lib/jvm/java-8-openjdk/jre/lib/ext/jfxrt.jar:/usr/lib/jvm/java-8-openjdk/jre/lib/ext/localedata.jar:/usr/lib/jvm/java-8-openjdk/jre/lib/ext/nashorn.jar:/usr/lib/jvm/java-8-openjdk/jre/lib/ext/sunec.jar:/usr/lib/jvm/java-8-openjdk/jre/lib/ext/sunjce_provider.jar:/usr/lib/jvm/java-8-openjdk/jre/lib/ext/sunpkcs11.jar:/usr/lib/jvm/java-8-openjdk/jre/lib/ext/zipfs.jar:/usr/lib/jvm/java-8-openjdk/jre/lib/jce.jar:/usr/lib/jvm/java-8-openjdk/jre/lib/jfxswt.jar:/usr/lib/jvm/java-8-openjdk/jre/lib/jsse.jar:/usr/lib/jvm/java-8-openjdk/jre/lib/management-agent.jar:/usr/lib/jvm/java-8-openjdk/jre/lib/resources.jar:/usr/lib/jvm/java-8-openjdk/jre/lib/rt.jar:/home/redrield/IdeaProjects/SaturnShell/PathVisualizer/build/classes/kotlin/main:/home/redrield/IdeaProjects/SaturnShell/build/classes/kotlin/main:/home/redrield/.gradle/caches/modules-2/files-2.1/org.jetbrains.kotlin/kotlin-stdlib-jdk8/1.2.60/7d5d50242f2bd1bcb6663044fbc814e0f59255aa/kotlin-stdlib-jdk8-1.2.60.jar:/home/redrield/.gradle/caches/modules-2/files-2.1/koma/core/0.11/5b5980672d646c3225f82e4971fe3f0f687204bc/core-0.11.jar:/home/redrield/.gradle/caches/modules-2/files-2.1/org.jetbrains.kotlin/kotlin-stdlib-jdk7/1.2.60/31f1ea280ab4942ed25f91760d7170c41f78d06f/kotlin-stdlib-jdk7-1.2.60.jar:/home/redrield/.gradle/caches/modules-2/files-2.1/org.jetbrains.kotlinx/kotlinx-coroutines-core/0.24.0/6c950c4d6e7ab7ba80ed14b82303fdd8d678f2ec/kotlinx-coroutines-core-0.24.0.jar:/home/redrield/.gradle/caches/modules-2/files-2.1/org.jetbrains.kotlin/kotlin-stdlib/1.2.60/391695759d8fc80042c2c11bc19fc6f2787be495/kotlin-stdlib-1.2.60.jar:/home/redrield/.gradle/caches/modules-2/files-2.1/edu.wpi.first.wpilibj/wpilibj-java/2018.4.1/897367c0a37b2ec4dcb6aeb578be84f066c46f4a/wpilibj-java-2018.4.1.jar:/home/red
Launcher Type: SUN_STANDARD

Environment Variables:
_JAVA_OPTIONS=-Dawt.useSystemAAFontSettings=on -Dswing.aatext=true -Dswing.defaultlaf.com.sun.java.swing.plaf.gtk.GTKLookAndFeel
PATH=/usr/local/bin:/usr/bin:/bin:/usr/local/sbin:/usr/lib/jvm/default/bin:/usr/bin/site_perl:/usr/bin/vendor_perl:/usr/bin/core_perl
SHELL=/bin/zsh
DISPLAY=:0

Signal Handlers:
SIGSEGV: [libjvm.so+0xa2bc40], sa_mask[0]=11111111011111111101111111111110, sa_flags=SA_RESTART|SA_SIGINFO
SIGBUS: [libjvm.so+0xa2bc40], sa_mask[0]=11111111011111111101111111111110, sa_flags=SA_RESTART|SA_SIGINFO
SIGFPE: [libjvm.so+0x8882f0], sa_mask[0]=11111111011111111101111111111110, sa_flags=SA_RESTART|SA_SIGINFO
SIGPIPE: [libjvm.so+0x8882f0], sa_mask[0]=11111111011111111101111111111110, sa_flags=SA_RESTART|SA_SIGINFO
SIGXFSZ: [libjvm.so+0x8882f0], sa_mask[0]=11111111011111111101111111111110, sa_flags=SA_RESTART|SA_SIGINFO
SIGILL: [libjvm.so+0x8882f0], sa_mask[0]=11111111011111111101111111111110, sa_flags=SA_RESTART|SA_SIGINFO
SIGUSR1: SIG_DFL, sa_mask[0]=00000000000000000000000000000000, sa_flags=none
SIGUSR2: [libjvm.so+0x888180], sa_mask[0]=00100000000000000000000000000000, sa_flags=SA_RESTART|SA_SIGINFO
SIGHUP: [libjvm.so+0x8883b0], sa_mask[0]=11111111011111111101111111111110, sa_flags=SA_RESTART|SA_SIGINFO
SIGINT: [libjvm.so+0x8883b0], sa_mask[0]=11111111011111111101111111111110, sa_flags=SA_RESTART|SA_SIGINFO
SIGTERM: [libjvm.so+0x8883b0], sa_mask[0]=11111111011111111101111111111110, sa_flags=SA_RESTART|SA_SIGINFO
SIGQUIT: [libjvm.so+0x8883b0], sa_mask[0]=11111111011111111101111111111110, sa_flags=SA_RESTART|SA_SIGINFO


---------------  S Y S T E M  ---------------

OS:NAME="Arch Linux"
PRETTY_NAME="Arch Linux"
ID=arch
ID_LIKE=archlinux
ANSI_COLOR="0;36"
HOME_URL="https://www.archlinux.org/"
SUPPORT_URL="https://bbs.archlinux.org/"
BUG_REPORT_URL="https://bugs.archlinux.org/"

uname:Linux 4.17.13-arch1-1-ARCH #1 SMP PREEMPT Mon Aug 6 23:06:31 UTC 2018 x86_64
libc:glibc 2.28 NPTL 2.28 
rlimit: STACK 8192k, CORE infinity, NPROC 47245, NOFILE 4096, AS infinity
load average:2.49 2.91 2.71

/proc/meminfo:
MemTotal:       12165180 kB
MemFree:         1500640 kB
MemAvailable:    7991916 kB
Buffers:          355236 kB
Cached:          5614284 kB
SwapCached:          408 kB
Active:          6741184 kB
Inactive:        3271004 kB
Active(anon):    3315936 kB
Inactive(anon):   312912 kB
Active(file):    3425248 kB
Inactive(file):  2958092 kB
Unevictable:          68 kB
Mlocked:              68 kB
SwapTotal:      12582908 kB
SwapFree:       12581952 kB
Dirty:              2816 kB
Writeback:             0 kB
AnonPages:       4042716 kB
Mapped:           627416 kB
Shmem:            301200 kB
Slab:             487184 kB
SReclaimable:     430908 kB
SUnreclaim:        56276 kB
KernelStack:       10332 kB
PageTables:        29932 kB
NFS_Unstable:          0 kB
Bounce:                0 kB
WritebackTmp:          0 kB
CommitLimit:    18665496 kB
Committed_AS:    8448304 kB
VmallocTotal:   34359738367 kB
VmallocUsed:           0 kB
VmallocChunk:          0 kB
HardwareCorrupted:     0 kB
AnonHugePages:         0 kB
ShmemHugePages:        0 kB
ShmemPmdMapped:        0 kB
HugePages_Total:       0
HugePages_Free:        0
HugePages_Rsvd:        0
HugePages_Surp:        0
Hugepagesize:       2048 kB
Hugetlb:               0 kB
DirectMap4k:      242292 kB
DirectMap2M:    12206080 kB
DirectMap1G:           0 kB


CPU:total 4 (initial active 4) (2 cores per cpu, 2 threads per core) family 6 model 142 stepping 9, cmov, cx8, fxsr, mmx, sse, sse2, sse3, ssse3, sse4.1, sse4.2, popcnt, avx, avx2, aes, clmul, erms, 3dnowpref, lzcnt, ht, tsc, tscinvbit, bmi1, bmi2, adx

/proc/cpuinfo:
processor	: 0
vendor_id	: GenuineIntel
cpu family	: 6
model		: 142
model name	: Intel(R) Core(TM) i5-7200U CPU @ 2.50GHz
stepping	: 9
microcode	: 0x8e
cpu MHz		: 1725.189
cache size	: 3072 KB
physical id	: 0
siblings	: 4
core id		: 0
cpu cores	: 2
apicid		: 0
initial apicid	: 0
fpu		: yes
fpu_exception	: yes
cpuid level	: 22
wp		: yes
flags		: fpu vme de pse tsc msr pae mce cx8 apic sep mtrr pge mca cmov pat pse36 clflush dts acpi mmx fxsr sse sse2 ss ht tm pbe syscall nx pdpe1gb rdtscp lm constant_tsc art arch_perfmon pebs bts rep_good nopl xtopology nonstop_tsc cpuid aperfmperf tsc_known_freq pni pclmulqdq dtes64 monitor ds_cpl vmx est tm2 ssse3 sdbg fma cx16 xtpr pdcm pcid sse4_1 sse4_2 x2apic movbe popcnt tsc_deadline_timer aes xsave avx f16c rdrand lahf_lm abm 3dnowprefetch cpuid_fault epb invpcid_single pti ssbd ibrs ibpb stibp tpr_shadow vnmi flexpriority ept vpid fsgsbase tsc_adjust bmi1 avx2 smep bmi2 erms invpcid mpx rdseed adx smap clflushopt intel_pt xsaveopt xsavec xgetbv1 xsaves dtherm ida arat pln pts hwp hwp_notify hwp_act_window hwp_epp
bugs		: cpu_meltdown spectre_v1 spectre_v2 spec_store_bypass
bogomips	: 5426.00
clflush size	: 64
cache_alignment	: 64
address sizes	: 39 bits physical, 48 bits virtual
power management:

processor	: 1
vendor_id	: GenuineIntel
cpu family	: 6
model		: 142
model name	: Intel(R) Core(TM) i5-7200U CPU @ 2.50GHz
stepping	: 9
microcode	: 0x8e
cpu MHz		: 1509.686
cache size	: 3072 KB
physical id	: 0
siblings	: 4
core id		: 1
cpu cores	: 2
apicid		: 2
initial apicid	: 2
fpu		: yes
fpu_exception	: yes
cpuid level	: 22
wp		: yes
flags		: fpu vme de pse tsc msr pae mce cx8 apic sep mtrr pge mca cmov pat pse36 clflush dts acpi mmx fxsr sse sse2 ss ht tm pbe syscall nx pdpe1gb rdtscp lm constant_tsc art arch_perfmon pebs bts rep_good nopl xtopology nonstop_tsc cpuid aperfmperf tsc_known_freq pni pclmulqdq dtes64 monitor ds_cpl vmx est tm2 ssse3 sdbg fma cx16 xtpr pdcm pcid sse4_1 sse4_2 x2apic movbe popcnt tsc_deadline_timer aes xsave avx f16c rdrand lahf_lm abm 3dnowprefetch cpuid_fault epb invpcid_single pti tpr_shadow vnmi flexpriority ept vpid fsgsbase tsc_adjust bmi1 avx2 smep bmi2 erms invpcid mpx rdseed adx smap clflushopt intel_pt xsaveopt xsavec xgetbv1 xsaves dtherm ida arat pln pts hwp hwp_notify hwp_act_window hwp_epp
bugs		: cpu_meltdown spectre_v1 spectre_v2 spec_store_bypass
bogomips	: 5426.00
clflush size	: 64
cache_alignment	: 64
address sizes	: 39 bits physical, 48 bits virtual
power management:

processor	: 2
vendor_id	: GenuineIntel
cpu family	: 6
model		: 142
model name	: Intel(R) Core(TM) i5-7200U CPU @ 2.50GHz
stepping	: 9
microcode	: 0x8e
cpu MHz		: 2047.016
cache size	: 3072 KB
physical id	: 0
siblings	: 4
core id		: 0
cpu cores	: 2
apicid		: 1
initial apicid	: 1
fpu		: yes
fpu_exception	: yes
cpuid level	: 22
wp		: yes
flags		: fpu vme de pse tsc msr pae mce cx8 apic sep mtrr pge mca cmov pat pse36 clflush dts acpi mmx fxsr sse sse2 ss ht tm pbe syscall nx pdpe1gb rdtscp lm constant_tsc art arch_perfmon pebs bts rep_good nopl xtopology nonstop_tsc cpuid aperfmperf tsc_known_freq pni pclmulqdq dtes64 monitor ds_cpl vmx est tm2 ssse3 sdbg fma cx16 xtpr pdcm pcid sse4_1 sse4_2 x2apic movbe popcnt tsc_deadline_timer aes xsave avx f16c rdrand lahf_lm abm 3dnowprefetch cpuid_fault epb invpcid_single pti ssbd ibrs ibpb stibp tpr_shadow vnmi flexpriority ept vpid fsgsbase tsc_adjust bmi1 avx2 smep bmi2 erms invpcid mpx rdseed adx smap clflushopt intel_pt xsaveopt xsavec xgetbv1 xsaves dtherm ida arat pln pts hwp hwp_notify hwp_act_window hwp_epp
bugs		: cpu_meltdown spectre_v1 spectre_v2 spec_store_bypass
bogomips	: 5426.00
clflush size	: 64
cache_alignment	: 64
address sizes	: 39 bits physical, 48 bits virtual
power management:

processor	: 3
vendor_id	: GenuineIntel
cpu family	: 6
model		: 142
model name	: Intel(R) Core(TM) i5-7200U CPU @ 2.50GHz
stepping	: 9
microcode	: 0x8e
cpu MHz		: 2802.593
cache size	: 3072 KB
physical id	: 0
siblings	: 4
core id		: 1
cpu cores	: 2
apicid		: 3
initial apicid	: 3
fpu		: yes
fpu_exception	: yes
cpuid level	: 22
wp		: yes
flags		: fpu vme de pse tsc msr pae mce cx8 apic sep mtrr pge mca cmov pat pse36 clflush dts acpi mmx fxsr sse sse2 ss ht tm pbe syscall nx pdpe1gb rdtscp lm constant_tsc art arch_perfmon pebs bts rep_good nopl xtopology nonstop_tsc cpuid aperfmperf tsc_known_freq pni pclmulqdq dtes64 monitor ds_cpl vmx est tm2 ssse3 sdbg fma cx16 xtpr pdcm pcid sse4_1 sse4_2 x2apic movbe popcnt tsc_deadline_timer aes xsave avx f16c rdrand lahf_lm abm 3dnowprefetch cpuid_fault epb invpcid_single pti ssbd ibrs ibpb stibp tpr_shadow vnmi flexpriority ept vpid fsgsbase tsc_adjust bmi1 avx2 smep bmi2 erms invpcid mpx rdseed adx smap clflushopt intel_pt xsaveopt xsavec xgetbv1 xsaves dtherm ida arat pln pts hwp hwp_notify hwp_act_window hwp_epp
bugs		: cpu_meltdown spectre_v1 spectre_v2 spec_store_bypass
bogomips	: 5426.00
clflush size	: 64
cache_alignment	: 64
address sizes	: 39 bits physical, 48 bits virtual
power management:



Memory: 4k page, physical 12165180k(1500640k free), swap 12582908k(12581952k free)

vm_info: OpenJDK 64-Bit Server VM (25.181-b13) for linux-amd64 JRE (1.8.0_181-b13), built on Aug 10 2018 18:36:50 by "builduser" with gcc 8.2.0

time: Wed Aug 15 02:35:32 2018
elapsed time: 0 seconds (0d 0h 0m 0s)

