#
# A fatal error has been detected by the Java Runtime Environment:
#
#  SIGSEGV (0xb) at pc=0x00007fb4ed278dbf, pid=13813, tid=0x00007fb4ec15a700
#
# JRE version: OpenJDK Runtime Environment (8.0_181-b13) (build 1.8.0_181-b13)
# Java VM: OpenJDK 64-Bit Server VM (25.181-b13 mixed mode linux-amd64 compressed oops)
# Problematic frame:
# C  [libc.so.6+0x70dbf]  fgets+0x1f
#
# Core dump written. Default location: /home/redrield/IdeaProjects/SaturnShell/core or core.13813
#
# If you would like to submit a bug report, please visit:
#   http://bugreport.java.com/bugreport/crash.jsp
# The crash happened outside the Java Virtual Machine in native code.
# See problematic frame for where to report the bug.
#

---------------  T H R E A D  ---------------

Current thread (0x00007fb4e800d800):  JavaThread "main" [_thread_in_native, id=13814, stack(0x00007fb4ec05b000,0x00007fb4ec15b000)]

siginfo: si_signo: 11 (SIGSEGV), si_code: 1 (SEGV_MAPERR), si_addr: 0x0000000000000000

Registers:
RAX=0x00007fb4ec159340, RBX=0x00007fb4d17a4120, RCX=0x00007fb4cb12a010, RDX=0x0000000000000000
RSP=0x00007fb4ec159270, RBP=0x00007fb4ec159750, RSI=0x0000000000000400, RDI=0x00007fb4ec159340
R8 =0x0000000000000400, R9 =0x0000000000000000, R10=0x0000000000000000, R11=0x00007fb4ed278da0
R12=0x00007fb4ec159340, R13=0x00007fb4d17a4120, R14=0x00007fb4ec159878, R15=0x00007fb4e800d800
RIP=0x00007fb4ed278dbf, EFLAGS=0x0000000000010216, CSGSFS=0x002b000000000033, ERR=0x0000000000000004
  TRAPNO=0x000000000000000e

Top of Stack: (sp=0x00007fb4ec159270)
0x00007fb4ec159270:   00007fb4d17a4120 00007fb4ec159750
0x00007fb4ec159280:   0000000000000000 00007fb4cb33bca0
0x00007fb4ec159290:   00007fb4cb12a010 0000000000000000
0x00007fb4ec1592a0:   00007fb4e82daa80 0000000000000000
0x00007fb4ec1592b0:   00007fb400000001 0000000000000000
0x00007fb4ec1592c0:   00000000ffffffff 00007fb4e800d800
0x00007fb4ec1592d0:   00007fb4cb335928 00007fb4e82da720
0x00007fb4ec1592e0:   00007fb4e8001ac0 00007fb4e8001ae0
0x00007fb4ec1592f0:   00007fb4e8001ba8 00000000000000d8
0x00007fb4ec159300:   00007fb4ec159aa0 00007fb4d13b16e8
0x00007fb4ec159310:   00007fb4e800d800 00007fb4cb33f0f8
0x00007fb4ec159320:   00007fb4ec159800 0000000000000000
0x00007fb4ec159330:   00007fb4d17a4120 00007fb4ec159878
0x00007fb4ec159340:   00007fb4e800d800 00007fb4ed40ee57
0x00007fb4ec159350:   0000000000000005 0000000000000000
0x00007fb4ec159360:   00007fb4e800d800 00007fb4cb335928
0x00007fb4ec159370:   00007fb4ec159740 00007fb4ed41593e
0x00007fb4ec159380:   0000000000000000 00007fb4cb12a010
0x00007fb4ec159390:   00007fb4cb12a010 00007fb4cb12a010
0x00007fb4ec1593a0:   0000000000000000 00000000ffffffff
0x00007fb4ec1593b0:   0000000000000000 00000007c0002248
0x00007fb4ec1593c0:   00007fb4d13b16e8 00007fb4e800d800
0x00007fb4ec1593d0:   00000007c0002248 0000ffff00001fa0
0x00007fb4ec1593e0:   00007fb4d13b16e8 00007fb4e800d800
0x00007fb4ec1593f0:   00007fb4d13b16e8 00007fb4e800d800
0x00007fb4ec159400:   fffffffe00000000 0000000000000000
0x00007fb4ec159410:   0000000000000000 7ddf76ad03364b00
0x00007fb4ec159420:   00007fb4ec159570 00007fb4ec159540
0x00007fb4ec159430:   00007fb4e800d800 00007fb4e800cb40
0x00007fb4ec159440:   00000007c0002248 00007fb4ec159600
0x00007fb4ec159450:   00007fb4ec1594f0 00007fb4ec928361
0x00007fb4ec159460:   0000000000000000 0000000000000000 

Instructions: (pc=0x00007fb4ed278dbf)
0x00007fb4ed278d9f:   ff f3 0f 1e fa 85 f6 0f 8e 34 01 00 00 41 54 41
0x00007fb4ed278daf:   89 f0 49 89 fc 55 53 83 fe 01 0f 84 31 01 00 00
0x00007fb4ed278dbf:   8b 0a 89 c8 25 00 80 00 00 75 5b 4c 8b 8a 88 00
0x00007fb4ed278dcf:   00 00 64 4c 8b 14 25 10 00 00 00 4d 39 51 08 74 

Register to memory mapping:

RAX=0x00007fb4ec159340 is pointing into the stack for thread: 0x00007fb4e800d800
RBX={method} {0x00007fb4d17a4120} 'trajectoryDeserializeCSV' '(Ljava/lang/String;)[Ljaci/pathfinder/Trajectory$Segment;' in 'jaci/pathfinder/PathfinderJNI'
RCX=0x00007fb4cb12a010 is an unknown value
RDX=0x0000000000000000 is an unknown value
RSP=0x00007fb4ec159270 is pointing into the stack for thread: 0x00007fb4e800d800
RBP=0x00007fb4ec159750 is pointing into the stack for thread: 0x00007fb4e800d800
RSI=0x0000000000000400 is an unknown value
RDI=0x00007fb4ec159340 is pointing into the stack for thread: 0x00007fb4e800d800
R8 =0x0000000000000400 is an unknown value
R9 =0x0000000000000000 is an unknown value
R10=0x0000000000000000 is an unknown value
R11=0x00007fb4ed278da0: fgets+0 in /usr/lib/libc.so.6 at 0x00007fb4ed208000
R12=0x00007fb4ec159340 is pointing into the stack for thread: 0x00007fb4e800d800
R13={method} {0x00007fb4d17a4120} 'trajectoryDeserializeCSV' '(Ljava/lang/String;)[Ljaci/pathfinder/Trajectory$Segment;' in 'jaci/pathfinder/PathfinderJNI'
R14=0x00007fb4ec159878 is pointing into the stack for thread: 0x00007fb4e800d800
R15=0x00007fb4e800d800 is a thread


Stack: [0x00007fb4ec05b000,0x00007fb4ec15b000],  sp=0x00007fb4ec159270,  free space=1016k
Native frames: (J=compiled Java code, j=interpreted, Vv=VM code, C=native code)
C  [libc.so.6+0x70dbf]  fgets+0x1f
C  [libpathfinderjava.so+0x463d]  Java_jaci_pathfinder_PathfinderJNI_trajectoryDeserializeCSV+0x85
j  jaci.pathfinder.PathfinderJNI.trajectoryDeserializeCSV(Ljava/lang/String;)[Ljaci/pathfinder/Trajectory$Segment;+0
j  jaci.pathfinder.Pathfinder.readFromCSV(Ljava/io/File;)Ljaci/pathfinder/Trajectory;+8
j  frc.team4069.visualizer.MainKt.main([Ljava/lang/String;)V+26
v  ~StubRoutines::call_stub
V  [libjvm.so+0x6491e7]
V  [libjvm.so+0x667a97]
V  [libjvm.so+0x669f06]
C  [libjli.so+0x2e31]
C  [libpthread.so.0+0x7a8d]  start_thread+0xfd

Java frames: (J=compiled Java code, j=interpreted, Vv=VM code)
j  jaci.pathfinder.PathfinderJNI.trajectoryDeserializeCSV(Ljava/lang/String;)[Ljaci/pathfinder/Trajectory$Segment;+0
j  jaci.pathfinder.Pathfinder.readFromCSV(Ljava/io/File;)Ljaci/pathfinder/Trajectory;+8
j  frc.team4069.visualizer.MainKt.main([Ljava/lang/String;)V+26
v  ~StubRoutines::call_stub

---------------  P R O C E S S  ---------------

Java Threads: ( => current thread )
  0x00007fb4e82d0800 JavaThread "Service Thread" daemon [_thread_blocked, id=13827, stack(0x00007fb4cb441000,0x00007fb4cb542000)]
  0x00007fb4e82cd800 JavaThread "C1 CompilerThread2" daemon [_thread_in_native, id=13826, stack(0x00007fb4cb543000,0x00007fb4cb643000)]
  0x00007fb4e82cb000 JavaThread "C2 CompilerThread1" daemon [_thread_blocked, id=13825, stack(0x00007fb4cb644000,0x00007fb4cb744000)]
  0x00007fb4e82c9800 JavaThread "C2 CompilerThread0" daemon [_thread_blocked, id=13824, stack(0x00007fb4cb75f000,0x00007fb4cb85f000)]
  0x00007fb4e82c7800 JavaThread "Monitor Ctrl-Break" daemon [_thread_in_native, id=13823, stack(0x00007fb4cb85f000,0x00007fb4cb960000)]
  0x00007fb4e8181000 JavaThread "Signal Dispatcher" daemon [_thread_blocked, id=13822, stack(0x00007fb4cb9cb000,0x00007fb4cbacc000)]
  0x00007fb4e814e000 JavaThread "Finalizer" daemon [_thread_blocked, id=13821, stack(0x00007fb4cbdfe000,0x00007fb4cbeff000)]
  0x00007fb4e8149800 JavaThread "Reference Handler" daemon [_thread_blocked, id=13820, stack(0x00007fb4cbeff000,0x00007fb4cc000000)]
=>0x00007fb4e800d800 JavaThread "main" [_thread_in_native, id=13814, stack(0x00007fb4ec05b000,0x00007fb4ec15b000)]

Other Threads:
  0x00007fb4e8142000 VMThread [stack: 0x00007fb4d009c000,0x00007fb4d019c000] [id=13819]
  0x00007fb4e82d3000 WatcherThread [stack: 0x00007fb4cb341000,0x00007fb4cb441000] [id=13828]

VM state:not at safepoint (normal execution)

VM Mutex/Monitor currently owned by a thread: None

Heap:
 PSYoungGen      total 55808K, used 3850K [0x0000000782180000, 0x0000000785f80000, 0x00000007c0000000)
  eden space 48128K, 8% used [0x0000000782180000,0x00000007825429c0,0x0000000785080000)
  from space 7680K, 0% used [0x0000000785800000,0x0000000785800000,0x0000000785f80000)
  to   space 7680K, 0% used [0x0000000785080000,0x0000000785080000,0x0000000785800000)
 ParOldGen       total 126976K, used 0K [0x0000000706400000, 0x000000070e000000, 0x0000000782180000)
  object space 126976K, 0% used [0x0000000706400000,0x0000000706400000,0x000000070e000000)
 Metaspace       used 3291K, capacity 4568K, committed 4864K, reserved 1056768K
  class space    used 352K, capacity 392K, committed 512K, reserved 1048576K

Card table byte_map: [0x00007fb4d8666000,0x00007fb4d8c35000] byte_map_base: 0x00007fb4d4e34000

Marking Bits: (ParMarkBitMap*) 0x00007fb4ecfacae0
 Begin Bits: [0x00007fb4d21a3000, 0x00007fb4d5013000)
 End Bits:   [0x00007fb4d5013000, 0x00007fb4d7e83000)

Polling page: 0x00007fb4ed3db000

CodeCache: size=245760Kb used=1147Kb max_used=1147Kb free=244612Kb
 bounds [0x00007fb4d8ff5000, 0x00007fb4d9265000, 0x00007fb4e7ff5000]
 total_blobs=288 nmethods=37 adapters=166
 compilation: enabled

Compilation events (10 events):
Event: 0.130 Thread 0x00007fb4e82cd800 nmethod 31 0x00007fb4d910c950 code [0x00007fb4d910caa0, 0x00007fb4d910cbb0]
Event: 0.130 Thread 0x00007fb4e82cd800   18       1       java.net.URL::getRef (5 bytes)
Event: 0.130 Thread 0x00007fb4e82cd800 nmethod 18 0x00007fb4d910cc10 code [0x00007fb4d910cd60, 0x00007fb4d910ce70]
Event: 0.130 Thread 0x00007fb4e82cd800   32       1       java.net.URL::getAuthority (5 bytes)
Event: 0.130 Thread 0x00007fb4e82cd800 nmethod 32 0x00007fb4d910ced0 code [0x00007fb4d910d020, 0x00007fb4d910d130]
Event: 0.130 Thread 0x00007fb4e82cd800   24       1       java.net.URL::getQuery (5 bytes)
Event: 0.130 Thread 0x00007fb4e82cd800 nmethod 24 0x00007fb4d910d190 code [0x00007fb4d910d2e0, 0x00007fb4d910d3f0]
Event: 0.130 Thread 0x00007fb4e82cd800   30       1       java.util.zip.ZipFile::access$000 (5 bytes)
Event: 0.130 Thread 0x00007fb4e82cd800 nmethod 30 0x00007fb4d910d450 code [0x00007fb4d910d5a0, 0x00007fb4d910d690]
Event: 0.130 Thread 0x00007fb4e82cd800   35  s!   3       sun.misc.URLClassPath::getLoader (243 bytes)

GC Heap History (0 events):
No events

Deoptimization events (0 events):
No events

Classes redefined (0 events):
No events

Internal exceptions (2 events):
Event: 0.020 Thread 0x00007fb4e800d800 Exception <a 'java/lang/NoSuchMethodError': Method sun.misc.Unsafe.defineClass(Ljava/lang/String;[BII)Ljava/lang/Class; name or signature does not match> (0x0000000782187cb0) thrown at [/build/java8-openjdk/src/jdk8u-jdk8u181-b13/hotspot/src/share/vm/prim
Event: 0.021 Thread 0x00007fb4e800d800 Exception <a 'java/lang/NoSuchMethodError': Method sun.misc.Unsafe.prefetchRead(Ljava/lang/Object;J)V name or signature does not match> (0x0000000782187f98) thrown at [/build/java8-openjdk/src/jdk8u-jdk8u181-b13/hotspot/src/share/vm/prims/jni.cpp, line 40

Events (10 events):
Event: 0.128 loading class java/lang/UnsupportedOperationException
Event: 0.128 loading class java/lang/UnsupportedOperationException done
Event: 0.129 loading class jaci/pathfinder/Pathfinder
Event: 0.129 loading class jaci/pathfinder/Pathfinder done
Event: 0.130 loading class jaci/pathfinder/Trajectory
Event: 0.130 loading class jaci/pathfinder/Trajectory done
Event: 0.130 loading class jaci/pathfinder/PathfinderJNI
Event: 0.130 loading class jaci/pathfinder/PathfinderJNI done
Event: 0.131 loading class java/lang/ClassLoaderHelper
Event: 0.131 loading class java/lang/ClassLoaderHelper done


Dynamic libraries:
706400000-70e000000 rw-p 00000000 00:00 0 
70e000000-782180000 ---p 00000000 00:00 0 
782180000-785f80000 rw-p 00000000 00:00 0 
785f80000-7c0000000 ---p 00000000 00:00 0 
7c0000000-7c0080000 rw-p 00000000 00:00 0 
7c0080000-800000000 ---p 00000000 00:00 0 
5651e0dc8000-5651e0dc9000 r--p 00000000 08:04 25715412                   /usr/lib/jvm/java-8-openjdk/jre/bin/java
5651e0dc9000-5651e0dca000 r-xp 00001000 08:04 25715412                   /usr/lib/jvm/java-8-openjdk/jre/bin/java
5651e0dca000-5651e0dcb000 r--p 00002000 08:04 25715412                   /usr/lib/jvm/java-8-openjdk/jre/bin/java
5651e0dcb000-5651e0dcc000 r--p 00002000 08:04 25715412                   /usr/lib/jvm/java-8-openjdk/jre/bin/java
5651e0dcc000-5651e0dcd000 rw-p 00003000 08:04 25715412                   /usr/lib/jvm/java-8-openjdk/jre/bin/java
5651e20b3000-5651e20d4000 rw-p 00000000 00:00 0                          [heap]
7fb490000000-7fb490021000 rw-p 00000000 00:00 0 
7fb490021000-7fb494000000 ---p 00000000 00:00 0 
7fb498000000-7fb498030000 rw-p 00000000 00:00 0 
7fb498030000-7fb49c000000 ---p 00000000 00:00 0 
7fb49c000000-7fb49c021000 rw-p 00000000 00:00 0 
7fb49c021000-7fb4a0000000 ---p 00000000 00:00 0 
7fb4a0000000-7fb4a00ca000 rw-p 00000000 00:00 0 
7fb4a00ca000-7fb4a4000000 ---p 00000000 00:00 0 
7fb4a4000000-7fb4a403e000 rw-p 00000000 00:00 0 
7fb4a403e000-7fb4a8000000 ---p 00000000 00:00 0 
7fb4a8000000-7fb4a8021000 rw-p 00000000 00:00 0 
7fb4a8021000-7fb4ac000000 ---p 00000000 00:00 0 
7fb4ac000000-7fb4ac03c000 rw-p 00000000 00:00 0 
7fb4ac03c000-7fb4b0000000 ---p 00000000 00:00 0 
7fb4b0000000-7fb4b0021000 rw-p 00000000 00:00 0 
7fb4b0021000-7fb4b4000000 ---p 00000000 00:00 0 
7fb4b4000000-7fb4b4021000 rw-p 00000000 00:00 0 
7fb4b4021000-7fb4b8000000 ---p 00000000 00:00 0 
7fb4b8000000-7fb4b8021000 rw-p 00000000 00:00 0 
7fb4b8021000-7fb4bc000000 ---p 00000000 00:00 0 
7fb4bc000000-7fb4bc021000 rw-p 00000000 00:00 0 
7fb4bc021000-7fb4c0000000 ---p 00000000 00:00 0 
7fb4c0000000-7fb4c0021000 rw-p 00000000 00:00 0 
7fb4c0021000-7fb4c4000000 ---p 00000000 00:00 0 
7fb4c4000000-7fb4c4021000 rw-p 00000000 00:00 0 
7fb4c4021000-7fb4c8000000 ---p 00000000 00:00 0 
7fb4cb12a000-7fb4cb16b000 rw-p 00000000 00:00 0 
7fb4cb16b000-7fb4cb16e000 r--p 00000000 08:04 24645256                   /usr/lib/libgcc_s.so.1
7fb4cb16e000-7fb4cb17f000 r-xp 00003000 08:04 24645256                   /usr/lib/libgcc_s.so.1
7fb4cb17f000-7fb4cb182000 r--p 00014000 08:04 24645256                   /usr/lib/libgcc_s.so.1
7fb4cb182000-7fb4cb183000 ---p 00017000 08:04 24645256                   /usr/lib/libgcc_s.so.1
7fb4cb183000-7fb4cb184000 r--p 00017000 08:04 24645256                   /usr/lib/libgcc_s.so.1
7fb4cb184000-7fb4cb185000 rw-p 00018000 08:04 24645256                   /usr/lib/libgcc_s.so.1
7fb4cb185000-7fb4cb20e000 r--p 00000000 08:04 24645288                   /usr/lib/libstdc++.so.6.0.25
7fb4cb20e000-7fb4cb2c6000 r-xp 00089000 08:04 24645288                   /usr/lib/libstdc++.so.6.0.25
7fb4cb2c6000-7fb4cb303000 r--p 00141000 08:04 24645288                   /usr/lib/libstdc++.so.6.0.25
7fb4cb303000-7fb4cb304000 ---p 0017e000 08:04 24645288                   /usr/lib/libstdc++.so.6.0.25
7fb4cb304000-7fb4cb310000 r--p 0017e000 08:04 24645288                   /usr/lib/libstdc++.so.6.0.25
7fb4cb310000-7fb4cb311000 rw-p 0018a000 08:04 24645288                   /usr/lib/libstdc++.so.6.0.25
7fb4cb311000-7fb4cb314000 rw-p 00000000 00:00 0 
7fb4cb335000-7fb4cb337000 r--p 00000000 08:04 24680529                   /usr/lib/libpathfinderjava.so
7fb4cb337000-7fb4cb33d000 r-xp 00002000 08:04 24680529                   /usr/lib/libpathfinderjava.so
7fb4cb33d000-7fb4cb33e000 r--p 00008000 08:04 24680529                   /usr/lib/libpathfinderjava.so
7fb4cb33e000-7fb4cb33f000 r--p 00008000 08:04 24680529                   /usr/lib/libpathfinderjava.so
7fb4cb33f000-7fb4cb340000 rw-p 00009000 08:04 24680529                   /usr/lib/libpathfinderjava.so
7fb4cb340000-7fb4cb341000 ---p 00000000 00:00 0 
7fb4cb341000-7fb4cb441000 rw-p 00000000 00:00 0 
7fb4cb441000-7fb4cb444000 ---p 00000000 00:00 0 
7fb4cb444000-7fb4cb542000 rw-p 00000000 00:00 0 
7fb4cb542000-7fb4cb543000 ---p 00000000 00:00 0 
7fb4cb543000-7fb4cb546000 ---p 00000000 00:00 0 
7fb4cb546000-7fb4cb643000 rw-p 00000000 00:00 0 
7fb4cb643000-7fb4cb644000 ---p 00000000 00:00 0 
7fb4cb644000-7fb4cb647000 ---p 00000000 00:00 0 
7fb4cb647000-7fb4cb744000 rw-p 00000000 00:00 0 
7fb4cb744000-7fb4cb749000 r--p 00000000 08:04 25715467                   /usr/lib/jvm/java-8-openjdk/jre/lib/amd64/libnet.so
7fb4cb749000-7fb4cb758000 r-xp 00005000 08:04 25715467                   /usr/lib/jvm/java-8-openjdk/jre/lib/amd64/libnet.so
7fb4cb758000-7fb4cb75c000 r--p 00014000 08:04 25715467                   /usr/lib/jvm/java-8-openjdk/jre/lib/amd64/libnet.so
7fb4cb75c000-7fb4cb75d000 r--p 00017000 08:04 25715467                   /usr/lib/jvm/java-8-openjdk/jre/lib/amd64/libnet.so
7fb4cb75d000-7fb4cb75e000 rw-p 00018000 08:04 25715467                   /usr/lib/jvm/java-8-openjdk/jre/lib/amd64/libnet.so
7fb4cb75e000-7fb4cb75f000 ---p 00000000 00:00 0 
7fb4cb75f000-7fb4cb762000 ---p 00000000 00:00 0 
7fb4cb762000-7fb4cb85f000 rw-p 00000000 00:00 0 
7fb4cb85f000-7fb4cb862000 ---p 00000000 00:00 0 
7fb4cb862000-7fb4cb960000 rw-p 00000000 00:00 0 
7fb4cb960000-7fb4cb962000 r--s 0001a000 08:04 4194528                    /home/redrield/.local/share/JetBrains/Toolbox/apps/IDEA-U/ch-0/182.3684.101/lib/idea_rt.jar
7fb4cb962000-7fb4cb965000 r--s 00014000 08:04 19137079                   /home/redrield/.gradle/caches/modules-2/files-2.1/de.erichseifert.vectorgraphics2d/VectorGraphics2D/0.11/f3bf8fe05b7997e03941bf77428598137500c300/VectorGraphics2D-0.11.jar
7fb4cb965000-7fb4cb967000 r--s 00003000 08:04 7996049                    /home/redrield/.gradle/caches/modules-2/files-2.1/org.jetbrains/annotations/13.0/919f0dfe192fb4e063e7dacadee7f8bb9a2672a9/annotations-13.0.jar
7fb4cb967000-7fb4cb96d000 r--s 00015000 08:04 17694785                   /home/redrield/.gradle/caches/modules-2/files-2.1/org.jetbrains.kotlin/kotlin-stdlib-common/1.2.60/d95e6419da840e672342e5d4348f0bdd1d58b84d/kotlin-stdlib-common-1.2.60.jar
7fb4cb96d000-7fb4cb96e000 r--s 00000000 08:04 16123411                   /home/redrield/.gradle/caches/modules-2/files-2.1/org.jetbrains.kotlinx/atomicfu-common/0.11.0/849d71c4db7c6ecb44d848d4b4bf0f24d2688443/atomicfu-common-0.11.0.jar
7fb4cb96e000-7fb4cb973000 r--s 00012000 08:04 16123409                   /home/redrield/.gradle/caches/modules-2/files-2.1/org.jetbrains.kotlinx/kotlinx-coroutines-core-common/0.24.0/e3b343c9dd0bca3ca063514d8ce3d7c31b977c17/kotlinx-coroutines-core-common-0.24.0.jar
7fb4cb973000-7fb4cb977000 r--s 00028000 08:04 19137081                   /home/redrield/.gradle/caches/modules-2/files-2.1/org.knowm.xchart/xchart/3.1.0/3ae1c03d30c72fdd25ef7ef0f2f8ccead8a9a9e1/xchart-3.1.0.jar
7fb4cb977000-7fb4cb979000 r--s 00009000 08:04 17966762                   /home/redrield/.gradle/caches/modules-2/files-2.1/org.slf4j/slf4j-api/1.7.21/139535a69a4239db087de9bab0bee568bf8e0b70/slf4j-api-1.7.21.jar
7fb4cb979000-7fb4cb97a000 r--s 00002000 08:04 18351167                   /home/redrield/.gradle/caches/modules-2/files-2.1/jaci.pathfinder/Pathfinder-Java/1.8/c37dcf790766dd0c023cc00c57bb2e2e4e58f487/Pathfinder-Java-1.8.jar
7fb4cb97a000-7fb4cb97c000 r--s 00013000 08:04 10486453                   /home/redrield/.gradle/caches/modules-2/files-2.1/openrio.mirror.third.ctre/CTRE-phoenix-java/5.2.2.0/469f4905ff49fe297be19c0c6724e27b444fbb5c/CTRE-phoenix-java-5.2.2.0.jar
7fb4cb97c000-7fb4cb97e000 r--s 00005000 08:04 10486449                   /home/redrield/.gradle/caches/modules-2/files-2.1/edu.wpi.first.cscore/cscore-java/1.3.0/af0c62cf7e9903d052e67008105e014357917e13/cscore-java-1.3.0.jar
7fb4cb97e000-7fb4cb981000 r--s 00023000 08:04 10486455                   /home/redrield/.gradle/caches/modules-2/files-2.1/org.opencv/opencv-java/3.2.0/c65e242eaf6ff4b086d45b0254f4511b6a072a65/opencv-java-3.2.0.jar
7fb4cb981000-7fb4cb982000 r--s 00000000 08:04 10486451                   /home/redrield/.gradle/caches/modules-2/files-2.1/edu.wpi.first.wpiutil/wpiutil-java/3.2.0/40b6832a84296f9146b27584e22c8507dab874dd/wpiutil-java-3.2.0.jar
7fb4cb982000-7fb4cb984000 r--s 0000b000 08:04 10486447                   /home/redrield/.gradle/caches/modules-2/files-2.1/edu.wpi.first.ntcore/ntcore-java/4.1.0/52e7d8449aacb56e104020f10b39f33549177078/ntcore-java-4.1.0.jar
7fb4cb984000-7fb4cb98b000 r--s 00046000 08:04 10486457                   /home/redrield/.gradle/caches/modules-2/files-2.1/edu.wpi.first.wpilibj/wpilibj-java/2018.4.1/897367c0a37b2ec4dcb6aeb578be84f066c46f4a/wpilibj-java-2018.4.1.jar
7fb4cb98b000-7fb4cb99b000 r--s 000db000 08:04 17694791                   /home/redrield/.gradle/caches/modules-2/files-2.1/org.jetbrains.kotlin/kotlin-stdlib/1.2.60/391695759d8fc80042c2c11bc19fc6f2787be495/kotlin-stdlib-1.2.60.jar
7fb4cb99b000-7fb4cb9a7000 r--s 00099000 08:04 16123407                   /home/redrield/.gradle/caches/modules-2/files-2.1/org.jetbrains.kotlinx/kotlinx-coroutines-core/0.24.0/6c950c4d6e7ab7ba80ed14b82303fdd8d678f2ec/kotlinx-coroutines-core-0.24.0.jar
7fb4cb9a7000-7fb4cb9ae000 r--s 0004f000 08:04 19137083                   /home/redrield/.gradle/caches/modules-2/files-2.1/koma/core/0.11/5b5980672d646c3225f82e4971fe3f0f687204bc/core-0.11.jar
7fb4cb9ae000-7fb4cb9c1000 r--s 00346000 08:04 25721475                   /usr/lib/jvm/java-8-openjdk/jre/lib/resources.jar
7fb4cb9c1000-7fb4cb9c6000 r--s 0009d000 08:04 25715522                   /usr/lib/jvm/java-8-openjdk/jre/lib/jsse.jar
7fb4cb9c6000-7fb4cb9cb000 r--s 002f9000 08:04 25715482                   /usr/lib/jvm/java-8-openjdk/jre/lib/charsets.jar
7fb4cb9cb000-7fb4cb9ce000 ---p 00000000 00:00 0 
7fb4cb9ce000-7fb4cbacc000 rw-p 00000000 00:00 0 
7fb4cbacc000-7fb4cbdfe000 r--p 00000000 08:04 24679946                   /usr/lib/locale/locale-archive
7fb4cbdfe000-7fb4cbe01000 ---p 00000000 00:00 0 
7fb4cbe01000-7fb4cbeff000 rw-p 00000000 00:00 0 
7fb4cbeff000-7fb4cbf02000 ---p 00000000 00:00 0 
7fb4cbf02000-7fb4cc000000 rw-p 00000000 00:00 0 
7fb4cc000000-7fb4cc021000 rw-p 00000000 00:00 0 
7fb4cc021000-7fb4d0000000 ---p 00000000 00:00 0 
7fb4d0000000-7fb4d0001000 r--s 00000000 08:04 17694854                   /home/redrield/.gradle/caches/modules-2/files-2.1/org.jetbrains.kotlin/kotlin-stdlib-jdk7/1.2.60/31f1ea280ab4942ed25f91760d7170c41f78d06f/kotlin-stdlib-jdk7-1.2.60.jar
7fb4d0001000-7fb4d0003000 r--s 00002000 08:04 17694852                   /home/redrield/.gradle/caches/modules-2/files-2.1/org.jetbrains.kotlin/kotlin-stdlib-jdk8/1.2.60/7d5d50242f2bd1bcb6663044fbc814e0f59255aa/kotlin-stdlib-jdk8-1.2.60.jar
7fb4d0003000-7fb4d0004000 r--s 00000000 08:04 25715526                   /usr/lib/jvm/java-8-openjdk/jre/lib/management-agent.jar
7fb4d0004000-7fb4d009b000 r--s 008dd000 08:04 25718427                   /usr/lib/jvm/java-8-openjdk/jre/lib/ext/jfxrt.jar
7fb4d009b000-7fb4d009c000 ---p 00000000 00:00 0 
7fb4d009c000-7fb4d10f9000 rw-p 00000000 00:00 0 
7fb4d10f9000-7fb4d12c9000 r--s 03c31000 08:04 25721476                   /usr/lib/jvm/java-8-openjdk/jre/lib/rt.jar
7fb4d12c9000-7fb4d17da000 rw-p 00000000 00:00 0 
7fb4d17da000-7fb4d1b9a000 ---p 00000000 00:00 0 
7fb4d1b9a000-7fb4d7e83000 rw-p 00000000 00:00 0 
7fb4d7e83000-7fb4d7e84000 ---p 00000000 00:00 0 
7fb4d7e84000-7fb4d7f84000 rw-p 00000000 00:00 0 
7fb4d7f84000-7fb4d7f85000 ---p 00000000 00:00 0 
7fb4d7f85000-7fb4d8085000 rw-p 00000000 00:00 0 
7fb4d8085000-7fb4d8086000 ---p 00000000 00:00 0 
7fb4d8086000-7fb4d8186000 rw-p 00000000 00:00 0 
7fb4d8186000-7fb4d8187000 ---p 00000000 00:00 0 
7fb4d8187000-7fb4d82c5000 rw-p 00000000 00:00 0 
7fb4d82c5000-7fb4d8666000 ---p 00000000 00:00 0 
7fb4d8666000-7fb4d86a4000 rw-p 00000000 00:00 0 
7fb4d86a4000-7fb4d8a44000 ---p 00000000 00:00 0 
7fb4d8a44000-7fb4d8a64000 rw-p 00000000 00:00 0 
7fb4d8a64000-7fb4d8c34000 ---p 00000000 00:00 0 
7fb4d8c34000-7fb4d8c3f000 rw-p 00000000 00:00 0 
7fb4d8c3f000-7fb4d8ff5000 ---p 00000000 00:00 0 
7fb4d8ff5000-7fb4d9265000 rwxp 00000000 00:00 0 
7fb4d9265000-7fb4e7ff5000 ---p 00000000 00:00 0 
7fb4e7ff5000-7fb4e7ff8000 r--p 00000000 08:04 25715475                   /usr/lib/jvm/java-8-openjdk/jre/lib/amd64/libzip.so
7fb4e7ff8000-7fb4e7ffc000 r-xp 00003000 08:04 25715475                   /usr/lib/jvm/java-8-openjdk/jre/lib/amd64/libzip.so
7fb4e7ffc000-7fb4e7ffe000 r--p 00007000 08:04 25715475                   /usr/lib/jvm/java-8-openjdk/jre/lib/amd64/libzip.so
7fb4e7ffe000-7fb4e7fff000 r--p 00008000 08:04 25715475                   /usr/lib/jvm/java-8-openjdk/jre/lib/amd64/libzip.so
7fb4e7fff000-7fb4e8000000 rw-p 00009000 08:04 25715475                   /usr/lib/jvm/java-8-openjdk/jre/lib/amd64/libzip.so
7fb4e8000000-7fb4e8312000 rw-p 00000000 00:00 0 
7fb4e8312000-7fb4ec000000 ---p 00000000 00:00 0 
7fb4ec000000-7fb4ec002000 r--s 00016000 08:04 25715520                   /usr/lib/jvm/java-8-openjdk/jre/lib/jce.jar
7fb4ec002000-7fb4ec00a000 rw-s 00000000 00:2b 10145817                   /tmp/hsperfdata_redrield/13813
7fb4ec00a000-7fb4ec00d000 r--p 00000000 08:04 24644514                   /usr/lib/libnss_files-2.28.so
7fb4ec00d000-7fb4ec014000 r-xp 00003000 08:04 24644514                   /usr/lib/libnss_files-2.28.so
7fb4ec014000-7fb4ec017000 r--p 0000a000 08:04 24644514                   /usr/lib/libnss_files-2.28.so
7fb4ec017000-7fb4ec018000 r--p 0000c000 08:04 24644514                   /usr/lib/libnss_files-2.28.so
7fb4ec018000-7fb4ec019000 rw-p 0000d000 08:04 24644514                   /usr/lib/libnss_files-2.28.so
7fb4ec019000-7fb4ec01f000 rw-p 00000000 00:00 0 
7fb4ec01f000-7fb4ec02c000 r--p 00000000 08:04 25715450                   /usr/lib/jvm/java-8-openjdk/jre/lib/amd64/libjava.so
7fb4ec02c000-7fb4ec045000 r-xp 0000d000 08:04 25715450                   /usr/lib/jvm/java-8-openjdk/jre/lib/amd64/libjava.so
7fb4ec045000-7fb4ec04c000 r--p 00026000 08:04 25715450                   /usr/lib/jvm/java-8-openjdk/jre/lib/amd64/libjava.so
7fb4ec04c000-7fb4ec04d000 ---p 0002d000 08:04 25715450                   /usr/lib/jvm/java-8-openjdk/jre/lib/amd64/libjava.so
7fb4ec04d000-7fb4ec04e000 r--p 0002d000 08:04 25715450                   /usr/lib/jvm/java-8-openjdk/jre/lib/amd64/libjava.so
7fb4ec04e000-7fb4ec04f000 rw-p 0002e000 08:04 25715450                   /usr/lib/jvm/java-8-openjdk/jre/lib/amd64/libjava.so
7fb4ec04f000-7fb4ec050000 rw-p 00000000 00:00 0 
7fb4ec050000-7fb4ec052000 r--p 00000000 08:04 24644529                   /usr/lib/librt-2.28.so
7fb4ec052000-7fb4ec056000 r-xp 00002000 08:04 24644529                   /usr/lib/librt-2.28.so
7fb4ec056000-7fb4ec058000 r--p 00006000 08:04 24644529                   /usr/lib/librt-2.28.so
7fb4ec058000-7fb4ec059000 r--p 00007000 08:04 24644529                   /usr/lib/librt-2.28.so
7fb4ec059000-7fb4ec05a000 rw-p 00008000 08:04 24644529                   /usr/lib/librt-2.28.so
7fb4ec05a000-7fb4ec05b000 ---p 00000000 00:00 0 
7fb4ec05b000-7fb4ec05e000 ---p 00000000 00:00 0 
7fb4ec05e000-7fb4ec15b000 rw-p 00000000 00:00 0 
7fb4ec15b000-7fb4ec168000 r--p 00000000 08:04 24644492                   /usr/lib/libm-2.28.so
7fb4ec168000-7fb4ec209000 r-xp 0000d000 08:04 24644492                   /usr/lib/libm-2.28.so
7fb4ec209000-7fb4ec2de000 r--p 000ae000 08:04 24644492                   /usr/lib/libm-2.28.so
7fb4ec2de000-7fb4ec2df000 r--p 00182000 08:04 24644492                   /usr/lib/libm-2.28.so
7fb4ec2df000-7fb4ec2e0000 rw-p 00183000 08:04 24644492                   /usr/lib/libm-2.28.so
7fb4ec2e0000-7fb4ec4d0000 r--p 00000000 08:04 25715478                   /usr/lib/jvm/java-8-openjdk/jre/lib/amd64/server/libjvm.so
7fb4ec4d0000-7fb4ecd3d000 r-xp 001f0000 08:04 25715478                   /usr/lib/jvm/java-8-openjdk/jre/lib/amd64/server/libjvm.so
7fb4ecd3d000-7fb4ecedb000 r--p 00a5d000 08:04 25715478                   /usr/lib/jvm/java-8-openjdk/jre/lib/amd64/server/libjvm.so
7fb4ecedb000-7fb4ecedc000 ---p 00bfb000 08:04 25715478                   /usr/lib/jvm/java-8-openjdk/jre/lib/amd64/server/libjvm.so
7fb4ecedc000-7fb4ecf71000 r--p 00bfb000 08:04 25715478                   /usr/lib/jvm/java-8-openjdk/jre/lib/amd64/server/libjvm.so
7fb4ecf71000-7fb4ecf99000 rw-p 00c90000 08:04 25715478                   /usr/lib/jvm/java-8-openjdk/jre/lib/amd64/server/libjvm.so
7fb4ecf99000-7fb4ecfcb000 rw-p 00000000 00:00 0 
7fb4ecfcb000-7fb4ecfd1000 r--p 00000000 08:04 24644521                   /usr/lib/libpthread-2.28.so
7fb4ecfd1000-7fb4ecfe0000 r-xp 00006000 08:04 24644521                   /usr/lib/libpthread-2.28.so
7fb4ecfe0000-7fb4ecfe6000 r--p 00015000 08:04 24644521                   /usr/lib/libpthread-2.28.so
7fb4ecfe6000-7fb4ecfe7000 r--p 0001a000 08:04 24644521                   /usr/lib/libpthread-2.28.so
7fb4ecfe7000-7fb4ecfe8000 rw-p 0001b000 08:04 24644521                   /usr/lib/libpthread-2.28.so
7fb4ecfe8000-7fb4ecfec000 rw-p 00000000 00:00 0 
7fb4ecfec000-7fb4ecfed000 r--p 00000000 08:04 24644486                   /usr/lib/libdl-2.28.so
7fb4ecfed000-7fb4ecfee000 r-xp 00001000 08:04 24644486                   /usr/lib/libdl-2.28.so
7fb4ecfee000-7fb4ecfef000 r--p 00002000 08:04 24644486                   /usr/lib/libdl-2.28.so
7fb4ecfef000-7fb4ecff0000 r--p 00002000 08:04 24644486                   /usr/lib/libdl-2.28.so
7fb4ecff0000-7fb4ecff1000 rw-p 00003000 08:04 24644486                   /usr/lib/libdl-2.28.so
7fb4ecff1000-7fb4ed007000 r-xp 00000000 08:04 24654098                   /usr/lib/libz.so.1.2.11
7fb4ed007000-7fb4ed206000 ---p 00016000 08:04 24654098                   /usr/lib/libz.so.1.2.11
7fb4ed206000-7fb4ed207000 r--p 00015000 08:04 24654098                   /usr/lib/libz.so.1.2.11
7fb4ed207000-7fb4ed208000 rw-p 00016000 08:04 24654098                   /usr/lib/libz.so.1.2.11
7fb4ed208000-7fb4ed22a000 r--p 00000000 08:04 24644477                   /usr/lib/libc-2.28.so
7fb4ed22a000-7fb4ed375000 r-xp 00022000 08:04 24644477                   /usr/lib/libc-2.28.so
7fb4ed375000-7fb4ed3c1000 r--p 0016d000 08:04 24644477                   /usr/lib/libc-2.28.so
7fb4ed3c1000-7fb4ed3c2000 ---p 001b9000 08:04 24644477                   /usr/lib/libc-2.28.so
7fb4ed3c2000-7fb4ed3c6000 r--p 001b9000 08:04 24644477                   /usr/lib/libc-2.28.so
7fb4ed3c6000-7fb4ed3c8000 rw-p 001bd000 08:04 24644477                   /usr/lib/libc-2.28.so
7fb4ed3c8000-7fb4ed3cc000 rw-p 00000000 00:00 0 
7fb4ed3cc000-7fb4ed3cd000 r--s 00009000 08:04 25718426                   /usr/lib/jvm/java-8-openjdk/jre/lib/jfxswt.jar
7fb4ed3cd000-7fb4ed3cf000 r--p 00000000 08:04 25715442                   /usr/lib/jvm/java-8-openjdk/jre/lib/amd64/libinstrument.so
7fb4ed3cf000-7fb4ed3d5000 r-xp 00002000 08:04 25715442                   /usr/lib/jvm/java-8-openjdk/jre/lib/amd64/libinstrument.so
7fb4ed3d5000-7fb4ed3d8000 r--p 00008000 08:04 25715442                   /usr/lib/jvm/java-8-openjdk/jre/lib/amd64/libinstrument.so
7fb4ed3d8000-7fb4ed3d9000 r--p 0000a000 08:04 25715442                   /usr/lib/jvm/java-8-openjdk/jre/lib/amd64/libinstrument.so
7fb4ed3d9000-7fb4ed3da000 rw-p 0000b000 08:04 25715442                   /usr/lib/jvm/java-8-openjdk/jre/lib/amd64/libinstrument.so
7fb4ed3da000-7fb4ed3db000 rw-p 00000000 00:00 0 
7fb4ed3db000-7fb4ed3dc000 r--p 00000000 00:00 0 
7fb4ed3dc000-7fb4ed3e1000 r--p 00000000 08:04 25715474                   /usr/lib/jvm/java-8-openjdk/jre/lib/amd64/libverify.so
7fb4ed3e1000-7fb4ed3e8000 r-xp 00005000 08:04 25715474                   /usr/lib/jvm/java-8-openjdk/jre/lib/amd64/libverify.so
7fb4ed3e8000-7fb4ed3ea000 r--p 0000c000 08:04 25715474                   /usr/lib/jvm/java-8-openjdk/jre/lib/amd64/libverify.so
7fb4ed3ea000-7fb4ed3ec000 r--p 0000d000 08:04 25715474                   /usr/lib/jvm/java-8-openjdk/jre/lib/amd64/libverify.so
7fb4ed3ec000-7fb4ed3ed000 rw-p 0000f000 08:04 25715474                   /usr/lib/jvm/java-8-openjdk/jre/lib/amd64/libverify.so
7fb4ed3ed000-7fb4ed3ef000 r--p 00000000 08:04 25715427                   /usr/lib/jvm/java-8-openjdk/jre/lib/amd64/jli/libjli.so
7fb4ed3ef000-7fb4ed3f8000 r-xp 00002000 08:04 25715427                   /usr/lib/jvm/java-8-openjdk/jre/lib/amd64/jli/libjli.so
7fb4ed3f8000-7fb4ed3fb000 r--p 0000b000 08:04 25715427                   /usr/lib/jvm/java-8-openjdk/jre/lib/amd64/jli/libjli.so
7fb4ed3fb000-7fb4ed3fc000 r--p 0000d000 08:04 25715427                   /usr/lib/jvm/java-8-openjdk/jre/lib/amd64/jli/libjli.so
7fb4ed3fc000-7fb4ed3fd000 rw-p 0000e000 08:04 25715427                   /usr/lib/jvm/java-8-openjdk/jre/lib/amd64/jli/libjli.so
7fb4ed3fd000-7fb4ed3ff000 rw-p 00000000 00:00 0 
7fb4ed3ff000-7fb4ed401000 r--p 00000000 08:04 24644466                   /usr/lib/ld-2.28.so
7fb4ed401000-7fb4ed420000 r-xp 00002000 08:04 24644466                   /usr/lib/ld-2.28.so
7fb4ed420000-7fb4ed428000 r--p 00021000 08:04 24644466                   /usr/lib/ld-2.28.so
7fb4ed428000-7fb4ed429000 r--p 00028000 08:04 24644466                   /usr/lib/ld-2.28.so
7fb4ed429000-7fb4ed42a000 rw-p 00029000 08:04 24644466                   /usr/lib/ld-2.28.so
7fb4ed42a000-7fb4ed42b000 rw-p 00000000 00:00 0 
7ffca4118000-7ffca413a000 rw-p 00000000 00:00 0                          [stack]
7ffca41a4000-7ffca41a7000 r--p 00000000 00:00 0                          [vvar]
7ffca41a7000-7ffca41a9000 r-xp 00000000 00:00 0                          [vdso]

VM Arguments:
jvm_args: -javaagent:/home/redrield/.local/share/JetBrains/Toolbox/apps/IDEA-U/ch-0/182.3684.101/lib/idea_rt.jar=42153:/home/redrield/.local/share/JetBrains/Toolbox/apps/IDEA-U/ch-0/182.3684.101/bin -Dfile.encoding=UTF-8 -Dawt.useSystemAAFontSettings=on -Dswing.aatext=true -Dswing.defaultlaf.com.sun.java.swing.plaf.gtk.GTKLookAndFeel 
java_command: frc.team4069.visualizer.MainKt
java_class_path (initial): /usr/lib/jvm/java-8-openjdk/jre/lib/charsets.jar:/usr/lib/jvm/java-8-openjdk/jre/lib/ext/cldrdata.jar:/usr/lib/jvm/java-8-openjdk/jre/lib/ext/dnsns.jar:/usr/lib/jvm/java-8-openjdk/jre/lib/ext/jaccess.jar:/usr/lib/jvm/java-8-openjdk/jre/lib/ext/jfxrt.jar:/usr/lib/jvm/java-8-openjdk/jre/lib/ext/localedata.jar:/usr/lib/jvm/java-8-openjdk/jre/lib/ext/nashorn.jar:/usr/lib/jvm/java-8-openjdk/jre/lib/ext/sunec.jar:/usr/lib/jvm/java-8-openjdk/jre/lib/ext/sunjce_provider.jar:/usr/lib/jvm/java-8-openjdk/jre/lib/ext/sunpkcs11.jar:/usr/lib/jvm/java-8-openjdk/jre/lib/ext/zipfs.jar:/usr/lib/jvm/java-8-openjdk/jre/lib/jce.jar:/usr/lib/jvm/java-8-openjdk/jre/lib/jfxswt.jar:/usr/lib/jvm/java-8-openjdk/jre/lib/jsse.jar:/usr/lib/jvm/java-8-openjdk/jre/lib/management-agent.jar:/usr/lib/jvm/java-8-openjdk/jre/lib/resources.jar:/usr/lib/jvm/java-8-openjdk/jre/lib/rt.jar:/home/redrield/IdeaProjects/SaturnShell/PathVisualizer/build/classes/kotlin/main:/home/redrield/IdeaProjects/SaturnShell/build/classes/kotlin/main:/home/redrield/.gradle/caches/modules-2/files-2.1/org.jetbrains.kotlin/kotlin-stdlib-jdk8/1.2.60/7d5d50242f2bd1bcb6663044fbc814e0f59255aa/kotlin-stdlib-jdk8-1.2.60.jar:/home/redrield/.gradle/caches/modules-2/files-2.1/koma/core/0.11/5b5980672d646c3225f82e4971fe3f0f687204bc/core-0.11.jar:/home/redrield/.gradle/caches/modules-2/files-2.1/org.jetbrains.kotlin/kotlin-stdlib-jdk7/1.2.60/31f1ea280ab4942ed25f91760d7170c41f78d06f/kotlin-stdlib-jdk7-1.2.60.jar:/home/redrield/.gradle/caches/modules-2/files-2.1/org.jetbrains.kotlinx/kotlinx-coroutines-core/0.24.0/6c950c4d6e7ab7ba80ed14b82303fdd8d678f2ec/kotlinx-coroutines-core-0.24.0.jar:/home/redrield/.gradle/caches/modules-2/files-2.1/org.jetbrains.kotlin/kotlin-stdlib/1.2.60/391695759d8fc80042c2c11bc19fc6f2787be495/kotlin-stdlib-1.2.60.jar:/home/redrield/.gradle/caches/modules-2/files-2.1/edu.wpi.first.wpilibj/wpilibj-java/2018.4.1/897367c0a37b2ec4dcb6aeb578be84f066c46f4a/wpilibj-java-2018.4.1.jar:/home/red
Launcher Type: SUN_STANDARD

Environment Variables:
_JAVA_OPTIONS=-Dawt.useSystemAAFontSettings=on -Dswing.aatext=true -Dswing.defaultlaf.com.sun.java.swing.plaf.gtk.GTKLookAndFeel
PATH=/usr/local/bin:/usr/bin:/bin:/usr/local/sbin:/usr/lib/jvm/default/bin:/usr/bin/site_perl:/usr/bin/vendor_perl:/usr/bin/core_perl
SHELL=/bin/zsh
DISPLAY=:0

Signal Handlers:
SIGSEGV: [libjvm.so+0xa2bc40], sa_mask[0]=11111111011111111101111111111110, sa_flags=SA_RESTART|SA_SIGINFO
SIGBUS: [libjvm.so+0xa2bc40], sa_mask[0]=11111111011111111101111111111110, sa_flags=SA_RESTART|SA_SIGINFO
SIGFPE: [libjvm.so+0x8882f0], sa_mask[0]=11111111011111111101111111111110, sa_flags=SA_RESTART|SA_SIGINFO
SIGPIPE: [libjvm.so+0x8882f0], sa_mask[0]=11111111011111111101111111111110, sa_flags=SA_RESTART|SA_SIGINFO
SIGXFSZ: [libjvm.so+0x8882f0], sa_mask[0]=11111111011111111101111111111110, sa_flags=SA_RESTART|SA_SIGINFO
SIGILL: [libjvm.so+0x8882f0], sa_mask[0]=11111111011111111101111111111110, sa_flags=SA_RESTART|SA_SIGINFO
SIGUSR1: SIG_DFL, sa_mask[0]=00000000000000000000000000000000, sa_flags=none
SIGUSR2: [libjvm.so+0x888180], sa_mask[0]=00100000000000000000000000000000, sa_flags=SA_RESTART|SA_SIGINFO
SIGHUP: [libjvm.so+0x8883b0], sa_mask[0]=11111111011111111101111111111110, sa_flags=SA_RESTART|SA_SIGINFO
SIGINT: [libjvm.so+0x8883b0], sa_mask[0]=11111111011111111101111111111110, sa_flags=SA_RESTART|SA_SIGINFO
SIGTERM: [libjvm.so+0x8883b0], sa_mask[0]=11111111011111111101111111111110, sa_flags=SA_RESTART|SA_SIGINFO
SIGQUIT: [libjvm.so+0x8883b0], sa_mask[0]=11111111011111111101111111111110, sa_flags=SA_RESTART|SA_SIGINFO


---------------  S Y S T E M  ---------------

OS:NAME="Arch Linux"
PRETTY_NAME="Arch Linux"
ID=arch
ID_LIKE=archlinux
ANSI_COLOR="0;36"
HOME_URL="https://www.archlinux.org/"
SUPPORT_URL="https://bbs.archlinux.org/"
BUG_REPORT_URL="https://bugs.archlinux.org/"

uname:Linux 4.17.13-arch1-1-ARCH #1 SMP PREEMPT Mon Aug 6 23:06:31 UTC 2018 x86_64
libc:glibc 2.28 NPTL 2.28 
rlimit: STACK 8192k, CORE infinity, NPROC 47245, NOFILE 4096, AS infinity
load average:1.46 1.83 2.11

/proc/meminfo:
MemTotal:       12165180 kB
MemFree:         2118492 kB
MemAvailable:    8313952 kB
Buffers:          370716 kB
Cached:          5615404 kB
SwapCached:          408 kB
Active:          6483652 kB
Inactive:        2901900 kB
Active(anon):    3024084 kB
Inactive(anon):   275492 kB
Active(file):    3459568 kB
Inactive(file):  2626408 kB
Unevictable:          68 kB
Mlocked:              68 kB
SwapTotal:      12582908 kB
SwapFree:       12581952 kB
Dirty:             11312 kB
Writeback:            12 kB
AnonPages:       3399756 kB
Mapped:           566092 kB
Shmem:            263356 kB
Slab:             488244 kB
SReclaimable:     432372 kB
SUnreclaim:        55872 kB
KernelStack:        9868 kB
PageTables:        26880 kB
NFS_Unstable:          0 kB
Bounce:                0 kB
WritebackTmp:          0 kB
CommitLimit:    18665496 kB
Committed_AS:    7258552 kB
VmallocTotal:   34359738367 kB
VmallocUsed:           0 kB
VmallocChunk:          0 kB
HardwareCorrupted:     0 kB
AnonHugePages:         0 kB
ShmemHugePages:        0 kB
ShmemPmdMapped:        0 kB
HugePages_Total:       0
HugePages_Free:        0
HugePages_Rsvd:        0
HugePages_Surp:        0
Hugepagesize:       2048 kB
Hugetlb:               0 kB
DirectMap4k:      242292 kB
DirectMap2M:    12206080 kB
DirectMap1G:           0 kB


CPU:total 4 (initial active 4) (2 cores per cpu, 2 threads per core) family 6 model 142 stepping 9, cmov, cx8, fxsr, mmx, sse, sse2, sse3, ssse3, sse4.1, sse4.2, popcnt, avx, avx2, aes, clmul, erms, 3dnowpref, lzcnt, ht, tsc, tscinvbit, bmi1, bmi2, adx

/proc/cpuinfo:
processor	: 0
vendor_id	: GenuineIntel
cpu family	: 6
model		: 142
model name	: Intel(R) Core(TM) i5-7200U CPU @ 2.50GHz
stepping	: 9
microcode	: 0x8e
cpu MHz		: 3099.998
cache size	: 3072 KB
physical id	: 0
siblings	: 4
core id		: 0
cpu cores	: 2
apicid		: 0
initial apicid	: 0
fpu		: yes
fpu_exception	: yes
cpuid level	: 22
wp		: yes
flags		: fpu vme de pse tsc msr pae mce cx8 apic sep mtrr pge mca cmov pat pse36 clflush dts acpi mmx fxsr sse sse2 ss ht tm pbe syscall nx pdpe1gb rdtscp lm constant_tsc art arch_perfmon pebs bts rep_good nopl xtopology nonstop_tsc cpuid aperfmperf tsc_known_freq pni pclmulqdq dtes64 monitor ds_cpl vmx est tm2 ssse3 sdbg fma cx16 xtpr pdcm pcid sse4_1 sse4_2 x2apic movbe popcnt tsc_deadline_timer aes xsave avx f16c rdrand lahf_lm abm 3dnowprefetch cpuid_fault epb invpcid_single pti ssbd ibrs ibpb stibp tpr_shadow vnmi flexpriority ept vpid fsgsbase tsc_adjust bmi1 avx2 smep bmi2 erms invpcid mpx rdseed adx smap clflushopt intel_pt xsaveopt xsavec xgetbv1 xsaves dtherm ida arat pln pts hwp hwp_notify hwp_act_window hwp_epp
bugs		: cpu_meltdown spectre_v1 spectre_v2 spec_store_bypass
bogomips	: 5426.00
clflush size	: 64
cache_alignment	: 64
address sizes	: 39 bits physical, 48 bits virtual
power management:

processor	: 1
vendor_id	: GenuineIntel
cpu family	: 6
model		: 142
model name	: Intel(R) Core(TM) i5-7200U CPU @ 2.50GHz
stepping	: 9
microcode	: 0x8e
cpu MHz		: 3100.001
cache size	: 3072 KB
physical id	: 0
siblings	: 4
core id		: 1
cpu cores	: 2
apicid		: 2
initial apicid	: 2
fpu		: yes
fpu_exception	: yes
cpuid level	: 22
wp		: yes
flags		: fpu vme de pse tsc msr pae mce cx8 apic sep mtrr pge mca cmov pat pse36 clflush dts acpi mmx fxsr sse sse2 ss ht tm pbe syscall nx pdpe1gb rdtscp lm constant_tsc art arch_perfmon pebs bts rep_good nopl xtopology nonstop_tsc cpuid aperfmperf tsc_known_freq pni pclmulqdq dtes64 monitor ds_cpl vmx est tm2 ssse3 sdbg fma cx16 xtpr pdcm pcid sse4_1 sse4_2 x2apic movbe popcnt tsc_deadline_timer aes xsave avx f16c rdrand lahf_lm abm 3dnowprefetch cpuid_fault epb invpcid_single pti tpr_shadow vnmi flexpriority ept vpid fsgsbase tsc_adjust bmi1 avx2 smep bmi2 erms invpcid mpx rdseed adx smap clflushopt intel_pt xsaveopt xsavec xgetbv1 xsaves dtherm ida arat pln pts hwp hwp_notify hwp_act_window hwp_epp
bugs		: cpu_meltdown spectre_v1 spectre_v2 spec_store_bypass
bogomips	: 5426.00
clflush size	: 64
cache_alignment	: 64
address sizes	: 39 bits physical, 48 bits virtual
power management:

processor	: 2
vendor_id	: GenuineIntel
cpu family	: 6
model		: 142
model name	: Intel(R) Core(TM) i5-7200U CPU @ 2.50GHz
stepping	: 9
microcode	: 0x8e
cpu MHz		: 3099.999
cache size	: 3072 KB
physical id	: 0
siblings	: 4
core id		: 0
cpu cores	: 2
apicid		: 1
initial apicid	: 1
fpu		: yes
fpu_exception	: yes
cpuid level	: 22
wp		: yes
flags		: fpu vme de pse tsc msr pae mce cx8 apic sep mtrr pge mca cmov pat pse36 clflush dts acpi mmx fxsr sse sse2 ss ht tm pbe syscall nx pdpe1gb rdtscp lm constant_tsc art arch_perfmon pebs bts rep_good nopl xtopology nonstop_tsc cpuid aperfmperf tsc_known_freq pni pclmulqdq dtes64 monitor ds_cpl vmx est tm2 ssse3 sdbg fma cx16 xtpr pdcm pcid sse4_1 sse4_2 x2apic movbe popcnt tsc_deadline_timer aes xsave avx f16c rdrand lahf_lm abm 3dnowprefetch cpuid_fault epb invpcid_single pti ssbd ibrs ibpb stibp tpr_shadow vnmi flexpriority ept vpid fsgsbase tsc_adjust bmi1 avx2 smep bmi2 erms invpcid mpx rdseed adx smap clflushopt intel_pt xsaveopt xsavec xgetbv1 xsaves dtherm ida arat pln pts hwp hwp_notify hwp_act_window hwp_epp
bugs		: cpu_meltdown spectre_v1 spectre_v2 spec_store_bypass
bogomips	: 5426.00
clflush size	: 64
cache_alignment	: 64
address sizes	: 39 bits physical, 48 bits virtual
power management:

processor	: 3
vendor_id	: GenuineIntel
cpu family	: 6
model		: 142
model name	: Intel(R) Core(TM) i5-7200U CPU @ 2.50GHz
stepping	: 9
microcode	: 0x8e
cpu MHz		: 3100.000
cache size	: 3072 KB
physical id	: 0
siblings	: 4
core id		: 1
cpu cores	: 2
apicid		: 3
initial apicid	: 3
fpu		: yes
fpu_exception	: yes
cpuid level	: 22
wp		: yes
flags		: fpu vme de pse tsc msr pae mce cx8 apic sep mtrr pge mca cmov pat pse36 clflush dts acpi mmx fxsr sse sse2 ss ht tm pbe syscall nx pdpe1gb rdtscp lm constant_tsc art arch_perfmon pebs bts rep_good nopl xtopology nonstop_tsc cpuid aperfmperf tsc_known_freq pni pclmulqdq dtes64 monitor ds_cpl vmx est tm2 ssse3 sdbg fma cx16 xtpr pdcm pcid sse4_1 sse4_2 x2apic movbe popcnt tsc_deadline_timer aes xsave avx f16c rdrand lahf_lm abm 3dnowprefetch cpuid_fault epb invpcid_single pti ssbd ibrs ibpb stibp tpr_shadow vnmi flexpriority ept vpid fsgsbase tsc_adjust bmi1 avx2 smep bmi2 erms invpcid mpx rdseed adx smap clflushopt intel_pt xsaveopt xsavec xgetbv1 xsaves dtherm ida arat pln pts hwp hwp_notify hwp_act_window hwp_epp
bugs		: cpu_meltdown spectre_v1 spectre_v2 spec_store_bypass
bogomips	: 5426.00
clflush size	: 64
cache_alignment	: 64
address sizes	: 39 bits physical, 48 bits virtual
power management:



Memory: 4k page, physical 12165180k(2117988k free), swap 12582908k(12581952k free)

vm_info: OpenJDK 64-Bit Server VM (25.181-b13) for linux-amd64 JRE (1.8.0_181-b13), built on Aug 10 2018 18:36:50 by "builduser" with gcc 8.2.0

time: Wed Aug 15 14:34:46 2018
elapsed time: 0 seconds (0d 0h 0m 0s)

